PROFILE DATABASE EXPORT VERSION = 3

PROFILE_NAME = "GKS_VO_CULVERT";
{
    TYPE = 998; SUB_TYPE = "_VO_CULVERT"; COORDINATE = 0.000;
    {
        "HEIGHT"                            4.024944338E+02
        "WIDTH"                             3.500000000E+02
        "WEB_THICKNESS"                     0.000000000E+00
        "FLANGE_THICKNESS"                  0.000000000E+00
        "ROUNDING_RADIUS"                   0.000000000E+00
        "HEIGHT_2"                          0.000000000E+00
        "WIDTH_2"                           0.000000000E+00
        "WEB_THICKNESS_2"                   0.000000000E+00
        "FLANGE_THICKNESS_2"                0.000000000E+00
        "ROUNDING_RADIUS_2"                 0.000000000E+00
        "ECCENTRICITY_X"                    0.000000000E+00
        "ECCENTRICITY_Y"                    0.000000000E+00
        "FLANGE_SLOPE_RATIO"                0.000000000E+00
        "EQUIVALENT_TYPE"                   0
        "COVER_AREA"                        1.999294684E+00
        "CROSS_SECTION_AREA"                3.479206573E+03
        "MOMENT_OF_INERTIA_X"               0.000000000E+00
        "MOMENT_OF_INERTIA_Y"               0.000000000E+00
        "NEUTRAL_AXIS_LOCATION_ELASTIC_X"   0.000000000E+00
        "NEUTRAL_AXIS_LOCATION_ELASTIC_Y"   0.000000000E+00
        "NEUTRAL_AXIS_LOCATION_PLASTIC_X"   0.000000000E+00
        "NEUTRAL_AXIS_LOCATION_PLASTIC_Y"   0.000000000E+00
        "NORMALIZED_WARPING_CONSTANT"       0.000000000E+00
        "PLASTIC_MODULUS_X"                 0.000000000E+00
        "PLASTIC_MODULUS_Y"                 0.000000000E+00
        "POLAR_RADIUS_OF_GYRATION"          0.000000000E+00
        "RADIUS_OF_GYRATION_X"              0.000000000E+00
        "RADIUS_OF_GYRATION_Y"              0.000000000E+00
        "SECTION_MODULUS_X"                 0.000000000E+00
        "SECTION_MODULUS_Y"                 0.000000000E+00
        "SHEAR_CENTER_LOCATION"             0.000000000E+00
        "SQRT_OF_E_x_Cw_PER_G_x_J"          0.000000000E+00
        "STATICAL_MOMENT_Qf"                0.000000000E+00
        "STATICAL_MOMENT_Qw"                0.000000000E+00
        "TANGENT_OF_PRINCIPAL_AXIS_ANGLE"   0.000000000E+00
        "TORSIONAL_CONSTANT"                0.000000000E+00
        "WARPING_CONSTANT"                  0.000000000E+00
        "WARPING_STATICAL_MOMENT"           0.000000000E+00
        "WEIGHT_PER_UNIT_LENGTH"            2.731177160E+01
        "RU_CTL_COS"                        ""
        "RU_CTL_FUL_NAM"                    ""
        "RU_CTL_FUL_NAM_ENG"                ""
        "RU_CTL_GST_NAM"                    ""
        "RU_CTL_GST_NAM_ENG"                ""
        "RU_CTL_GST_NMB"                    ""
        "RU_CTL_GST_NMB_ENG"                ""
        "RU_CTL_GST_WGH"                    0.000000000E+00
        "RU_CTL_MKR_NAM"                    ""
        "RU_CTL_SMB_NAM"                    ""
        "RU_CTL_SMB_NAM_ENG"                ""
        "RU_CTL_TPL_NAM"                    ""
        "RU_CTL_TPL_NAM_ENG"                ""
        "RU_CTL_TPL_NAM_FUL"                ""
        "RU_CTL_TPL_NAM_FUL_ENG"            ""
        "RU_CTL_TPL_SRG"                    ""
        "RU_CTL_TYP_MAT"                    ""
    }
}

PROFILE_NAME = "GKS_VO_LOTOK_FILL";
{
    TYPE = 998; SUB_TYPE = "_VO_LOTOK_FILL"; COORDINATE = 0.000;
    {
        "HEIGHT"                            4.024944338E+02
        "WIDTH"                             3.500000000E+02
        "WEB_THICKNESS"                     0.000000000E+00
        "FLANGE_THICKNESS"                  0.000000000E+00
        "ROUNDING_RADIUS"                   0.000000000E+00
        "HEIGHT_2"                          0.000000000E+00
        "WIDTH_2"                           0.000000000E+00
        "WEB_THICKNESS_2"                   0.000000000E+00
        "FLANGE_THICKNESS_2"                0.000000000E+00
        "ROUNDING_RADIUS_2"                 0.000000000E+00
        "ECCENTRICITY_X"                    0.000000000E+00
        "ECCENTRICITY_Y"                    0.000000000E+00
        "FLANGE_SLOPE_RATIO"                0.000000000E+00
        "EQUIVALENT_TYPE"                   0
        "COVER_AREA"                        1.350630165E+00
        "CROSS_SECTION_AREA"                9.319718668E+04
        "MOMENT_OF_INERTIA_X"               0.000000000E+00
        "MOMENT_OF_INERTIA_Y"               0.000000000E+00
        "NEUTRAL_AXIS_LOCATION_ELASTIC_X"   0.000000000E+00
        "NEUTRAL_AXIS_LOCATION_ELASTIC_Y"   0.000000000E+00
        "NEUTRAL_AXIS_LOCATION_PLASTIC_X"   0.000000000E+00
        "NEUTRAL_AXIS_LOCATION_PLASTIC_Y"   0.000000000E+00
        "NORMALIZED_WARPING_CONSTANT"       0.000000000E+00
        "PLASTIC_MODULUS_X"                 0.000000000E+00
        "PLASTIC_MODULUS_Y"                 0.000000000E+00
        "POLAR_RADIUS_OF_GYRATION"          0.000000000E+00
        "RADIUS_OF_GYRATION_X"              0.000000000E+00
        "RADIUS_OF_GYRATION_Y"              0.000000000E+00
        "SECTION_MODULUS_X"                 0.000000000E+00
        "SECTION_MODULUS_Y"                 0.000000000E+00
        "SHEAR_CENTER_LOCATION"             0.000000000E+00
        "SQRT_OF_E_x_Cw_PER_G_x_J"          0.000000000E+00
        "STATICAL_MOMENT_Qf"                0.000000000E+00
        "STATICAL_MOMENT_Qw"                0.000000000E+00
        "TANGENT_OF_PRINCIPAL_AXIS_ANGLE"   0.000000000E+00
        "TORSIONAL_CONSTANT"                0.000000000E+00
        "WARPING_CONSTANT"                  0.000000000E+00
        "WARPING_STATICAL_MOMENT"           0.000000000E+00
        "WEIGHT_PER_UNIT_LENGTH"            7.315979154E+02
        "RU_CTL_COS"                        ""
        "RU_CTL_FUL_NAM"                    ""
        "RU_CTL_FUL_NAM_ENG"                ""
        "RU_CTL_GST_NAM"                    ""
        "RU_CTL_GST_NAM_ENG"                ""
        "RU_CTL_GST_NMB"                    ""
        "RU_CTL_GST_NMB_ENG"                ""
        "RU_CTL_GST_WGH"                    0.000000000E+00
        "RU_CTL_MKR_NAM"                    ""
        "RU_CTL_SMB_NAM"                    ""
        "RU_CTL_SMB_NAM_ENG"                ""
        "RU_CTL_TPL_NAM"                    ""
        "RU_CTL_TPL_NAM_ENG"                ""
        "RU_CTL_TPL_NAM_FUL"                ""
        "RU_CTL_TPL_NAM_FUL_ENG"            ""
        "RU_CTL_TPL_SRG"                    ""
        "RU_CTL_TYP_MAT"                    ""
    }
}

PROFILE_NAME = "GKS_VO_LOTOK_FILL_IN";
{
    TYPE = 998; SUB_TYPE = "_VO_LOTOK_FILL_IN"; COORDINATE = 0.000;
    {
        "HEIGHT"                            3.995084773E+02
        "WIDTH"                             2.700000000E+02
        "WEB_THICKNESS"                     0.000000000E+00
        "FLANGE_THICKNESS"                  0.000000000E+00
        "ROUNDING_RADIUS"                   0.000000000E+00
        "HEIGHT_2"                          0.000000000E+00
        "WIDTH_2"                           0.000000000E+00
        "WEB_THICKNESS_2"                   0.000000000E+00
        "FLANGE_THICKNESS_2"                0.000000000E+00
        "ROUNDING_RADIUS_2"                 0.000000000E+00
        "ECCENTRICITY_X"                    0.000000000E+00
        "ECCENTRICITY_Y"                    0.000000000E+00
        "FLANGE_SLOPE_RATIO"                0.000000000E+00
        "EQUIVALENT_TYPE"                   0
        "COVER_AREA"                        1.192981777E+00
        "CROSS_SECTION_AREA"                8.970699817E+04
        "MOMENT_OF_INERTIA_X"               0.000000000E+00
        "MOMENT_OF_INERTIA_Y"               0.000000000E+00
        "NEUTRAL_AXIS_LOCATION_ELASTIC_X"   0.000000000E+00
        "NEUTRAL_AXIS_LOCATION_ELASTIC_Y"   0.000000000E+00
        "NEUTRAL_AXIS_LOCATION_PLASTIC_X"   0.000000000E+00
        "NEUTRAL_AXIS_LOCATION_PLASTIC_Y"   0.000000000E+00
        "NORMALIZED_WARPING_CONSTANT"       0.000000000E+00
        "PLASTIC_MODULUS_X"                 0.000000000E+00
        "PLASTIC_MODULUS_Y"                 0.000000000E+00
        "POLAR_RADIUS_OF_GYRATION"          0.000000000E+00
        "RADIUS_OF_GYRATION_X"              0.000000000E+00
        "RADIUS_OF_GYRATION_Y"              0.000000000E+00
        "SECTION_MODULUS_X"                 0.000000000E+00
        "SECTION_MODULUS_Y"                 0.000000000E+00
        "SHEAR_CENTER_LOCATION"             0.000000000E+00
        "SQRT_OF_E_x_Cw_PER_G_x_J"          0.000000000E+00
        "STATICAL_MOMENT_Qf"                0.000000000E+00
        "STATICAL_MOMENT_Qw"                0.000000000E+00
        "TANGENT_OF_PRINCIPAL_AXIS_ANGLE"   0.000000000E+00
        "TORSIONAL_CONSTANT"                0.000000000E+00
        "WARPING_CONSTANT"                  0.000000000E+00
        "WARPING_STATICAL_MOMENT"           0.000000000E+00
        "WEIGHT_PER_UNIT_LENGTH"            7.041999357E+02
        "RU_CTL_COS"                        ""
        "RU_CTL_FUL_NAM"                    ""
        "RU_CTL_FUL_NAM_ENG"                ""
        "RU_CTL_GST_NAM"                    ""
        "RU_CTL_GST_NAM_ENG"                ""
        "RU_CTL_GST_NMB"                    ""
        "RU_CTL_GST_NMB_ENG"                ""
        "RU_CTL_GST_WGH"                    0.000000000E+00
        "RU_CTL_MKR_NAM"                    ""
        "RU_CTL_SMB_NAM"                    ""
        "RU_CTL_SMB_NAM_ENG"                ""
        "RU_CTL_TPL_NAM"                    ""
        "RU_CTL_TPL_NAM_ENG"                ""
        "RU_CTL_TPL_NAM_FUL"                ""
        "RU_CTL_TPL_NAM_FUL_ENG"            ""
        "RU_CTL_TPL_SRG"                    ""
        "RU_CTL_TYP_MAT"                    ""
    }
}

PROFILE_NAME = "GKS_VO_ZAGL2";
{
    TYPE = 998; SUB_TYPE = "_VO_ZAGL2"; COORDINATE = 0.000;
    {
        "HEIGHT"                            3.820000000E+02
        "WIDTH"                             3.561095238E+02
        "WEB_THICKNESS"                     0.000000000E+00
        "FLANGE_THICKNESS"                  0.000000000E+00
        "ROUNDING_RADIUS"                   0.000000000E+00
        "HEIGHT_2"                          0.000000000E+00
        "WIDTH_2"                           0.000000000E+00
        "WEB_THICKNESS_2"                   0.000000000E+00
        "FLANGE_THICKNESS_2"                0.000000000E+00
        "ROUNDING_RADIUS_2"                 0.000000000E+00
        "ECCENTRICITY_X"                    0.000000000E+00
        "ECCENTRICITY_Y"                    0.000000000E+00
        "FLANGE_SLOPE_RATIO"                0.000000000E+00
        "EQUIVALENT_TYPE"                   0
        "COVER_AREA"                        1.924329888E+00
        "CROSS_SECTION_AREA"                2.873400407E+03
        "MOMENT_OF_INERTIA_X"               0.000000000E+00
        "MOMENT_OF_INERTIA_Y"               0.000000000E+00
        "NEUTRAL_AXIS_LOCATION_ELASTIC_X"   0.000000000E+00
        "NEUTRAL_AXIS_LOCATION_ELASTIC_Y"   0.000000000E+00
        "NEUTRAL_AXIS_LOCATION_PLASTIC_X"   0.000000000E+00
        "NEUTRAL_AXIS_LOCATION_PLASTIC_Y"   0.000000000E+00
        "NORMALIZED_WARPING_CONSTANT"       0.000000000E+00
        "PLASTIC_MODULUS_X"                 0.000000000E+00
        "PLASTIC_MODULUS_Y"                 0.000000000E+00
        "POLAR_RADIUS_OF_GYRATION"          0.000000000E+00
        "RADIUS_OF_GYRATION_X"              0.000000000E+00
        "RADIUS_OF_GYRATION_Y"              0.000000000E+00
        "SECTION_MODULUS_X"                 0.000000000E+00
        "SECTION_MODULUS_Y"                 0.000000000E+00
        "SHEAR_CENTER_LOCATION"             0.000000000E+00
        "SQRT_OF_E_x_Cw_PER_G_x_J"          0.000000000E+00
        "STATICAL_MOMENT_Qf"                0.000000000E+00
        "STATICAL_MOMENT_Qw"                0.000000000E+00
        "TANGENT_OF_PRINCIPAL_AXIS_ANGLE"   0.000000000E+00
        "TORSIONAL_CONSTANT"                0.000000000E+00
        "WARPING_CONSTANT"                  0.000000000E+00
        "WARPING_STATICAL_MOMENT"           0.000000000E+00
        "WEIGHT_PER_UNIT_LENGTH"            2.255619319E+01
        "RU_CTL_COS"                        ""
        "RU_CTL_FUL_NAM"                    ""
        "RU_CTL_FUL_NAM_ENG"                ""
        "RU_CTL_GST_NAM"                    ""
        "RU_CTL_GST_NAM_ENG"                ""
        "RU_CTL_GST_NMB"                    ""
        "RU_CTL_GST_NMB_ENG"                ""
        "RU_CTL_GST_WGH"                    0.000000000E+00
        "RU_CTL_MKR_NAM"                    ""
        "RU_CTL_SMB_NAM"                    ""
        "RU_CTL_SMB_NAM_ENG"                ""
        "RU_CTL_TPL_NAM"                    ""
        "RU_CTL_TPL_NAM_ENG"                ""
        "RU_CTL_TPL_NAM_FUL"                ""
        "RU_CTL_TPL_NAM_FUL_ENG"            ""
        "RU_CTL_TPL_SRG"                    ""
        "RU_CTL_TYP_MAT"                    ""
    }
}

PROFILE_NAME = "GKS_VO_ZAGL4";
{
    TYPE = 998; SUB_TYPE = "_VO_ZAGL4"; COORDINATE = 0.000;
    {
        "HEIGHT"                            4.011437620E+02
        "WIDTH"                             1.750000000E+02
        "WEB_THICKNESS"                     0.000000000E+00
        "FLANGE_THICKNESS"                  0.000000000E+00
        "ROUNDING_RADIUS"                   0.000000000E+00
        "HEIGHT_2"                          0.000000000E+00
        "WIDTH_2"                           0.000000000E+00
        "WEB_THICKNESS_2"                   0.000000000E+00
        "FLANGE_THICKNESS_2"                0.000000000E+00
        "ROUNDING_RADIUS_2"                 0.000000000E+00
        "ECCENTRICITY_X"                    0.000000000E+00
        "ECCENTRICITY_Y"                    0.000000000E+00
        "FLANGE_SLOPE_RATIO"                0.000000000E+00
        "EQUIVALENT_TYPE"                   0
        "COVER_AREA"                        1.007749847E+00
        "CROSS_SECTION_AREA"                1.624734018E+03
        "MOMENT_OF_INERTIA_X"               0.000000000E+00
        "MOMENT_OF_INERTIA_Y"               0.000000000E+00
        "NEUTRAL_AXIS_LOCATION_ELASTIC_X"   0.000000000E+00
        "NEUTRAL_AXIS_LOCATION_ELASTIC_Y"   0.000000000E+00
        "NEUTRAL_AXIS_LOCATION_PLASTIC_X"   0.000000000E+00
        "NEUTRAL_AXIS_LOCATION_PLASTIC_Y"   0.000000000E+00
        "NORMALIZED_WARPING_CONSTANT"       0.000000000E+00
        "PLASTIC_MODULUS_X"                 0.000000000E+00
        "PLASTIC_MODULUS_Y"                 0.000000000E+00
        "POLAR_RADIUS_OF_GYRATION"          0.000000000E+00
        "RADIUS_OF_GYRATION_X"              0.000000000E+00
        "RADIUS_OF_GYRATION_Y"              0.000000000E+00
        "SECTION_MODULUS_X"                 0.000000000E+00
        "SECTION_MODULUS_Y"                 0.000000000E+00
        "SHEAR_CENTER_LOCATION"             0.000000000E+00
        "SQRT_OF_E_x_Cw_PER_G_x_J"          0.000000000E+00
        "STATICAL_MOMENT_Qf"                0.000000000E+00
        "STATICAL_MOMENT_Qw"                0.000000000E+00
        "TANGENT_OF_PRINCIPAL_AXIS_ANGLE"   0.000000000E+00
        "TORSIONAL_CONSTANT"                0.000000000E+00
        "WARPING_CONSTANT"                  0.000000000E+00
        "WARPING_STATICAL_MOMENT"           0.000000000E+00
        "WEIGHT_PER_UNIT_LENGTH"            1.275416204E+01
        "RU_CTL_COS"                        ""
        "RU_CTL_FUL_NAM"                    ""
        "RU_CTL_FUL_NAM_ENG"                ""
        "RU_CTL_GST_NAM"                    ""
        "RU_CTL_GST_NAM_ENG"                ""
        "RU_CTL_GST_NMB"                    ""
        "RU_CTL_GST_NMB_ENG"                ""
        "RU_CTL_GST_WGH"                    0.000000000E+00
        "RU_CTL_MKR_NAM"                    ""
        "RU_CTL_SMB_NAM"                    ""
        "RU_CTL_SMB_NAM_ENG"                ""
        "RU_CTL_TPL_NAM"                    ""
        "RU_CTL_TPL_NAM_ENG"                ""
        "RU_CTL_TPL_NAM_FUL"                ""
        "RU_CTL_TPL_NAM_FUL_ENG"            ""
        "RU_CTL_TPL_SRG"                    ""
        "RU_CTL_TYP_MAT"                    ""
    }
}

PROFILE_NAME = "GKS_VO_ZAGL_DSH";
{
    TYPE = 998; SUB_TYPE = "_VO_ZAGL_DSH"; COORDINATE = 0.000;
    {
        "HEIGHT"                            2.551932962E+02
        "WIDTH"                             3.500000000E+02
        "WEB_THICKNESS"                     0.000000000E+00
        "FLANGE_THICKNESS"                  0.000000000E+00
        "ROUNDING_RADIUS"                   0.000000000E+00
        "HEIGHT_2"                          0.000000000E+00
        "WIDTH_2"                           0.000000000E+00
        "WEB_THICKNESS_2"                   0.000000000E+00
        "FLANGE_THICKNESS_2"                0.000000000E+00
        "ROUNDING_RADIUS_2"                 0.000000000E+00
        "ECCENTRICITY_X"                    0.000000000E+00
        "ECCENTRICITY_Y"                    0.000000000E+00
        "FLANGE_SLOPE_RATIO"                0.000000000E+00
        "EQUIVALENT_TYPE"                   0
        "COVER_AREA"                        1.461344806E+00
        "CROSS_SECTION_AREA"                2.456364597E+03
        "MOMENT_OF_INERTIA_X"               0.000000000E+00
        "MOMENT_OF_INERTIA_Y"               0.000000000E+00
        "NEUTRAL_AXIS_LOCATION_ELASTIC_X"   0.000000000E+00
        "NEUTRAL_AXIS_LOCATION_ELASTIC_Y"   0.000000000E+00
        "NEUTRAL_AXIS_LOCATION_PLASTIC_X"   0.000000000E+00
        "NEUTRAL_AXIS_LOCATION_PLASTIC_Y"   0.000000000E+00
        "NORMALIZED_WARPING_CONSTANT"       0.000000000E+00
        "PLASTIC_MODULUS_X"                 0.000000000E+00
        "PLASTIC_MODULUS_Y"                 0.000000000E+00
        "POLAR_RADIUS_OF_GYRATION"          0.000000000E+00
        "RADIUS_OF_GYRATION_X"              0.000000000E+00
        "RADIUS_OF_GYRATION_Y"              0.000000000E+00
        "SECTION_MODULUS_X"                 0.000000000E+00
        "SECTION_MODULUS_Y"                 0.000000000E+00
        "SHEAR_CENTER_LOCATION"             0.000000000E+00
        "SQRT_OF_E_x_Cw_PER_G_x_J"          0.000000000E+00
        "STATICAL_MOMENT_Qf"                0.000000000E+00
        "STATICAL_MOMENT_Qw"                0.000000000E+00
        "TANGENT_OF_PRINCIPAL_AXIS_ANGLE"   0.000000000E+00
        "TORSIONAL_CONSTANT"                0.000000000E+00
        "WARPING_CONSTANT"                  0.000000000E+00
        "WARPING_STATICAL_MOMENT"           0.000000000E+00
        "WEIGHT_PER_UNIT_LENGTH"            1.928246209E+01
        "RU_CTL_COS"                        ""
        "RU_CTL_FUL_NAM"                    ""
        "RU_CTL_FUL_NAM_ENG"                ""
        "RU_CTL_GST_NAM"                    ""
        "RU_CTL_GST_NAM_ENG"                ""
        "RU_CTL_GST_NMB"                    ""
        "RU_CTL_GST_NMB_ENG"                ""
        "RU_CTL_GST_WGH"                    0.000000000E+00
        "RU_CTL_MKR_NAM"                    ""
        "RU_CTL_SMB_NAM"                    ""
        "RU_CTL_SMB_NAM_ENG"                ""
        "RU_CTL_TPL_NAM"                    ""
        "RU_CTL_TPL_NAM_ENG"                ""
        "RU_CTL_TPL_NAM_FUL"                ""
        "RU_CTL_TPL_NAM_FUL_ENG"            ""
        "RU_CTL_TPL_SRG"                    ""
        "RU_CTL_TYP_MAT"                    ""
    }
}

PROFILE_NAME = "GKS_VO_ZAGL_DSH_IN";
{
    TYPE = 998; SUB_TYPE = "_VO_ZAGL_DSH_IN"; COORDINATE = 0.000;
    {
        "HEIGHT"                            2.522073397E+02
        "WIDTH"                             2.332848010E+02
        "WEB_THICKNESS"                     0.000000000E+00
        "FLANGE_THICKNESS"                  0.000000000E+00
        "ROUNDING_RADIUS"                   0.000000000E+00
        "HEIGHT_2"                          0.000000000E+00
        "WIDTH_2"                           0.000000000E+00
        "WEB_THICKNESS_2"                   0.000000000E+00
        "FLANGE_THICKNESS_2"                0.000000000E+00
        "ROUNDING_RADIUS_2"                 0.000000000E+00
        "ECCENTRICITY_X"                    0.000000000E+00
        "ECCENTRICITY_Y"                    0.000000000E+00
        "FLANGE_SLOPE_RATIO"                0.000000000E+00
        "EQUIVALENT_TYPE"                   0
        "COVER_AREA"                        8.824989010E-01
        "CROSS_SECTION_AREA"                5.220332181E+04
        "MOMENT_OF_INERTIA_X"               0.000000000E+00
        "MOMENT_OF_INERTIA_Y"               0.000000000E+00
        "NEUTRAL_AXIS_LOCATION_ELASTIC_X"   0.000000000E+00
        "NEUTRAL_AXIS_LOCATION_ELASTIC_Y"   0.000000000E+00
        "NEUTRAL_AXIS_LOCATION_PLASTIC_X"   0.000000000E+00
        "NEUTRAL_AXIS_LOCATION_PLASTIC_Y"   0.000000000E+00
        "NORMALIZED_WARPING_CONSTANT"       0.000000000E+00
        "PLASTIC_MODULUS_X"                 0.000000000E+00
        "PLASTIC_MODULUS_Y"                 0.000000000E+00
        "POLAR_RADIUS_OF_GYRATION"          0.000000000E+00
        "RADIUS_OF_GYRATION_X"              0.000000000E+00
        "RADIUS_OF_GYRATION_Y"              0.000000000E+00
        "SECTION_MODULUS_X"                 0.000000000E+00
        "SECTION_MODULUS_Y"                 0.000000000E+00
        "SHEAR_CENTER_LOCATION"             0.000000000E+00
        "SQRT_OF_E_x_Cw_PER_G_x_J"          0.000000000E+00
        "STATICAL_MOMENT_Qf"                0.000000000E+00
        "STATICAL_MOMENT_Qw"                0.000000000E+00
        "TANGENT_OF_PRINCIPAL_AXIS_ANGLE"   0.000000000E+00
        "TORSIONAL_CONSTANT"                0.000000000E+00
        "WARPING_CONSTANT"                  0.000000000E+00
        "WARPING_STATICAL_MOMENT"           0.000000000E+00
        "WEIGHT_PER_UNIT_LENGTH"            4.097960762E+02
        "RU_CTL_COS"                        ""
        "RU_CTL_FUL_NAM"                    ""
        "RU_CTL_FUL_NAM_ENG"                ""
        "RU_CTL_GST_NAM"                    ""
        "RU_CTL_GST_NAM_ENG"                ""
        "RU_CTL_GST_NMB"                    ""
        "RU_CTL_GST_NMB_ENG"                ""
        "RU_CTL_GST_WGH"                    0.000000000E+00
        "RU_CTL_MKR_NAM"                    ""
        "RU_CTL_SMB_NAM"                    ""
        "RU_CTL_SMB_NAM_ENG"                ""
        "RU_CTL_TPL_NAM"                    ""
        "RU_CTL_TPL_NAM_ENG"                ""
        "RU_CTL_TPL_NAM_FUL"                ""
        "RU_CTL_TPL_NAM_FUL_ENG"            ""
        "RU_CTL_TPL_SRG"                    ""
        "RU_CTL_TYP_MAT"                    ""
    }
}

CROSS_SECTION_NAME = "_VO_ZAGL_DSH_IN";
{
    POINT_NUMBER = 1;
    {
        POINT_X      =  -97.83;
        POINT_Y      =  -31.41;
        CHAMFER_TYPE =       0;
        CHAMFER_X    =    0.00;
        CHAMFER_Y    =    0.00;
    }
    POINT_NUMBER = 2;
    {
        POINT_X      =  -93.37;
        POINT_Y      =  -51.81;
        CHAMFER_TYPE =       0;
        CHAMFER_X    =    0.00;
        CHAMFER_Y    =    0.00;
    }
    POINT_NUMBER = 3;
    {
        POINT_X      =  -85.06;
        POINT_Y      =  -70.96;
        CHAMFER_TYPE =       0;
        CHAMFER_X    =    0.00;
        CHAMFER_Y    =    0.00;
    }
    POINT_NUMBER = 4;
    {
        POINT_X      =  -73.22;
        POINT_Y      =  -88.15;
        CHAMFER_TYPE =       0;
        CHAMFER_X    =    0.00;
        CHAMFER_Y    =    0.00;
    }
    POINT_NUMBER = 5;
    {
        POINT_X      =  -58.30;
        POINT_Y      = -102.75;
        CHAMFER_TYPE =       0;
        CHAMFER_X    =    0.00;
        CHAMFER_Y    =    0.00;
    }
    POINT_NUMBER = 6;
    {
        POINT_X      =  -40.85;
        POINT_Y      = -114.21;
        CHAMFER_TYPE =       0;
        CHAMFER_X    =    0.00;
        CHAMFER_Y    =    0.00;
    }
    POINT_NUMBER = 7;
    {
        POINT_X      =  -21.52;
        POINT_Y      = -122.09;
        CHAMFER_TYPE =       0;
        CHAMFER_X    =    0.00;
        CHAMFER_Y    =    0.00;
    }
    POINT_NUMBER = 8;
    {
        POINT_X      =   -1.03;
        POINT_Y      = -126.10;
        CHAMFER_TYPE =       0;
        CHAMFER_X    =    0.00;
        CHAMFER_Y    =    0.00;
    }
    POINT_NUMBER = 9;
    {
        POINT_X      =   19.84;
        POINT_Y      = -126.10;
        CHAMFER_TYPE =       0;
        CHAMFER_X    =    0.00;
        CHAMFER_Y    =    0.00;
    }
    POINT_NUMBER = 10;
    {
        POINT_X      =   40.33;
        POINT_Y      = -122.09;
        CHAMFER_TYPE =       0;
        CHAMFER_X    =    0.00;
        CHAMFER_Y    =    0.00;
    }
    POINT_NUMBER = 11;
    {
        POINT_X      =   59.66;
        POINT_Y      = -114.21;
        CHAMFER_TYPE =       0;
        CHAMFER_X    =    0.00;
        CHAMFER_Y    =    0.00;
    }
    POINT_NUMBER = 12;
    {
        POINT_X      =   77.11;
        POINT_Y      = -102.75;
        CHAMFER_TYPE =       0;
        CHAMFER_X    =    0.00;
        CHAMFER_Y    =    0.00;
    }
    POINT_NUMBER = 13;
    {
        POINT_X      =   92.03;
        POINT_Y      =  -88.15;
        CHAMFER_TYPE =       0;
        CHAMFER_X    =    0.00;
        CHAMFER_Y    =    0.00;
    }
    POINT_NUMBER = 14;
    {
        POINT_X      =  103.87;
        POINT_Y      =  -70.96;
        CHAMFER_TYPE =       0;
        CHAMFER_X    =    0.00;
        CHAMFER_Y    =    0.00;
    }
    POINT_NUMBER = 15;
    {
        POINT_X      =  112.18;
        POINT_Y      =  -51.81;
        CHAMFER_TYPE =       0;
        CHAMFER_X    =    0.00;
        CHAMFER_Y    =    0.00;
    }
    POINT_NUMBER = 16;
    {
        POINT_X      =  116.64;
        POINT_Y      =  -31.41;
        CHAMFER_TYPE =       0;
        CHAMFER_X    =    0.00;
        CHAMFER_Y    =    0.00;
    }
    POINT_NUMBER = 17;
    {
        POINT_X      =  135.45;
        POINT_Y      =  126.10;
        CHAMFER_TYPE =       0;
        CHAMFER_X    =    0.00;
        CHAMFER_Y    =    0.00;
    }
    POINT_NUMBER = 18;
    {
        POINT_X      = -116.64;
        POINT_Y      =  126.10;
        CHAMFER_TYPE =       0;
        CHAMFER_X    =    0.00;
        CHAMFER_Y    =    0.00;
    }
};

CROSS_SECTION_NAME = "_VO_ZAGL_DSH";
{
    POINT_NUMBER = 1;
    {
        POINT_X      = -175.00;
        POINT_Y      =  127.60;
        CHAMFER_TYPE =       0;
        CHAMFER_X    =    0.00;
        CHAMFER_Y    =    0.00;
    }
    POINT_NUMBER = 2;
    {
        POINT_X      = -175.00;
        POINT_Y      =  121.60;
        CHAMFER_TYPE =       0;
        CHAMFER_X    =    0.00;
        CHAMFER_Y    =    0.00;
    }
    POINT_NUMBER = 3;
    {
        POINT_X      = -128.35;
        POINT_Y      =  121.60;
        CHAMFER_TYPE =       0;
        CHAMFER_X    =    0.00;
        CHAMFER_Y    =    0.00;
    }
    POINT_NUMBER = 4;
    {
        POINT_X      = -110.22;
        POINT_Y      =  -30.28;
        CHAMFER_TYPE =       0;
        CHAMFER_X    =    0.00;
        CHAMFER_Y    =    0.00;
    }
    POINT_NUMBER = 5;
    {
        POINT_X      = -105.63;
        POINT_Y      =  -51.24;
        CHAMFER_TYPE =       0;
        CHAMFER_X    =    0.00;
        CHAMFER_Y    =    0.00;
    }
    POINT_NUMBER = 6;
    {
        POINT_X      =  -97.09;
        POINT_Y      =  -70.92;
        CHAMFER_TYPE =       0;
        CHAMFER_X    =    0.00;
        CHAMFER_Y    =    0.00;
    }
    POINT_NUMBER = 7;
    {
        POINT_X      =  -84.92;
        POINT_Y      =  -88.59;
        CHAMFER_TYPE =       0;
        CHAMFER_X    =    0.00;
        CHAMFER_Y    =    0.00;
    }
    POINT_NUMBER = 8;
    {
        POINT_X      =  -69.59;
        POINT_Y      = -103.60;
        CHAMFER_TYPE =       0;
        CHAMFER_X    =    0.00;
        CHAMFER_Y    =    0.00;
    }
    POINT_NUMBER = 9;
    {
        POINT_X      =  -51.65;
        POINT_Y      = -115.37;
        CHAMFER_TYPE =       0;
        CHAMFER_X    =    0.00;
        CHAMFER_Y    =    0.00;
    }
    POINT_NUMBER = 10;
    {
        POINT_X      =  -31.78;
        POINT_Y      = -123.47;
        CHAMFER_TYPE =       0;
        CHAMFER_X    =    0.00;
        CHAMFER_Y    =    0.00;
    }
    POINT_NUMBER = 11;
    {
        POINT_X      =  -10.73;
        POINT_Y      = -127.60;
        CHAMFER_TYPE =       0;
        CHAMFER_X    =    0.00;
        CHAMFER_Y    =    0.00;
    }
    POINT_NUMBER = 12;
    {
        POINT_X      =   10.73;
        POINT_Y      = -127.60;
        CHAMFER_TYPE =       0;
        CHAMFER_X    =    0.00;
        CHAMFER_Y    =    0.00;
    }
    POINT_NUMBER = 13;
    {
        POINT_X      =   31.78;
        POINT_Y      = -123.47;
        CHAMFER_TYPE =       0;
        CHAMFER_X    =    0.00;
        CHAMFER_Y    =    0.00;
    }
    POINT_NUMBER = 14;
    {
        POINT_X      =   51.65;
        POINT_Y      = -115.37;
        CHAMFER_TYPE =       0;
        CHAMFER_X    =    0.00;
        CHAMFER_Y    =    0.00;
    }
    POINT_NUMBER = 15;
    {
        POINT_X      =   69.59;
        POINT_Y      = -103.60;
        CHAMFER_TYPE =       0;
        CHAMFER_X    =    0.00;
        CHAMFER_Y    =    0.00;
    }
    POINT_NUMBER = 16;
    {
        POINT_X      =   84.92;
        POINT_Y      =  -88.59;
        CHAMFER_TYPE =       0;
        CHAMFER_X    =    0.00;
        CHAMFER_Y    =    0.00;
    }
    POINT_NUMBER = 17;
    {
        POINT_X      =   97.09;
        POINT_Y      =  -70.92;
        CHAMFER_TYPE =       0;
        CHAMFER_X    =    0.00;
        CHAMFER_Y    =    0.00;
    }
    POINT_NUMBER = 18;
    {
        POINT_X      =  105.63;
        POINT_Y      =  -51.24;
        CHAMFER_TYPE =       0;
        CHAMFER_X    =    0.00;
        CHAMFER_Y    =    0.00;
    }
    POINT_NUMBER = 19;
    {
        POINT_X      =  110.22;
        POINT_Y      =  -30.28;
        CHAMFER_TYPE =       0;
        CHAMFER_X    =    0.00;
        CHAMFER_Y    =    0.00;
    }
    POINT_NUMBER = 20;
    {
        POINT_X      =  128.35;
        POINT_Y      =  121.60;
        CHAMFER_TYPE =       0;
        CHAMFER_X    =    0.00;
        CHAMFER_Y    =    0.00;
    }
    POINT_NUMBER = 21;
    {
        POINT_X      =  175.00;
        POINT_Y      =  121.60;
        CHAMFER_TYPE =       0;
        CHAMFER_X    =    0.00;
        CHAMFER_Y    =    0.00;
    }
    POINT_NUMBER = 22;
    {
        POINT_X      =  175.00;
        POINT_Y      =  127.60;
        CHAMFER_TYPE =       0;
        CHAMFER_X    =    0.00;
        CHAMFER_Y    =    0.00;
    }
    POINT_NUMBER = 23;
    {
        POINT_X      =  126.05;
        POINT_Y      =  127.60;
        CHAMFER_TYPE =       0;
        CHAMFER_X    =    0.00;
        CHAMFER_Y    =    0.00;
    }
    POINT_NUMBER = 24;
    {
        POINT_X      =  107.24;
        POINT_Y      =  -29.92;
        CHAMFER_TYPE =       0;
        CHAMFER_X    =    0.00;
        CHAMFER_Y    =    0.00;
    }
    POINT_NUMBER = 25;
    {
        POINT_X      =  102.77;
        POINT_Y      =  -50.31;
        CHAMFER_TYPE =       0;
        CHAMFER_X    =    0.00;
        CHAMFER_Y    =    0.00;
    }
    POINT_NUMBER = 26;
    {
        POINT_X      =   94.46;
        POINT_Y      =  -69.46;
        CHAMFER_TYPE =       0;
        CHAMFER_X    =    0.00;
        CHAMFER_Y    =    0.00;
    }
    POINT_NUMBER = 27;
    {
        POINT_X      =   82.63;
        POINT_Y      =  -86.66;
        CHAMFER_TYPE =       0;
        CHAMFER_X    =    0.00;
        CHAMFER_Y    =    0.00;
    }
    POINT_NUMBER = 28;
    {
        POINT_X      =   67.71;
        POINT_Y      = -101.26;
        CHAMFER_TYPE =       0;
        CHAMFER_X    =    0.00;
        CHAMFER_Y    =    0.00;
    }
    POINT_NUMBER = 29;
    {
        POINT_X      =   50.25;
        POINT_Y      = -112.71;
        CHAMFER_TYPE =       0;
        CHAMFER_X    =    0.00;
        CHAMFER_Y    =    0.00;
    }
    POINT_NUMBER = 30;
    {
        POINT_X      =   30.92;
        POINT_Y      = -120.59;
        CHAMFER_TYPE =       0;
        CHAMFER_X    =    0.00;
        CHAMFER_Y    =    0.00;
    }
    POINT_NUMBER = 31;
    {
        POINT_X      =   10.44;
        POINT_Y      = -124.61;
        CHAMFER_TYPE =       0;
        CHAMFER_X    =    0.00;
        CHAMFER_Y    =    0.00;
    }
    POINT_NUMBER = 32;
    {
        POINT_X      =  -10.44;
        POINT_Y      = -124.61;
        CHAMFER_TYPE =       0;
        CHAMFER_X    =    0.00;
        CHAMFER_Y    =    0.00;
    }
    POINT_NUMBER = 33;
    {
        POINT_X      =  -30.92;
        POINT_Y      = -120.59;
        CHAMFER_TYPE =       0;
        CHAMFER_X    =    0.00;
        CHAMFER_Y    =    0.00;
    }
    POINT_NUMBER = 34;
    {
        POINT_X      =  -50.25;
        POINT_Y      = -112.71;
        CHAMFER_TYPE =       0;
        CHAMFER_X    =    0.00;
        CHAMFER_Y    =    0.00;
    }
    POINT_NUMBER = 35;
    {
        POINT_X      =  -67.71;
        POINT_Y      = -101.26;
        CHAMFER_TYPE =       0;
        CHAMFER_X    =    0.00;
        CHAMFER_Y    =    0.00;
    }
    POINT_NUMBER = 36;
    {
        POINT_X      =  -82.63;
        POINT_Y      =  -86.66;
        CHAMFER_TYPE =       0;
        CHAMFER_X    =    0.00;
        CHAMFER_Y    =    0.00;
    }
    POINT_NUMBER = 37;
    {
        POINT_X      =  -94.46;
        POINT_Y      =  -69.46;
        CHAMFER_TYPE =       0;
        CHAMFER_X    =    0.00;
        CHAMFER_Y    =    0.00;
    }
    POINT_NUMBER = 38;
    {
        POINT_X      = -102.77;
        POINT_Y      =  -50.31;
        CHAMFER_TYPE =       0;
        CHAMFER_X    =    0.00;
        CHAMFER_Y    =    0.00;
    }
    POINT_NUMBER = 39;
    {
        POINT_X      = -107.24;
        POINT_Y      =  -29.92;
        CHAMFER_TYPE =       0;
        CHAMFER_X    =    0.00;
        CHAMFER_Y    =    0.00;
    }
    POINT_NUMBER = 40;
    {
        POINT_X      = -126.05;
        POINT_Y      =  127.60;
        CHAMFER_TYPE =       0;
        CHAMFER_X    =    0.00;
        CHAMFER_Y    =    0.00;
    }
};

CROSS_SECTION_NAME = "_VO_ZAGL4";
{
    POINT_NUMBER = 1;
    {
        POINT_X      =  -12.30;
        POINT_Y      = -125.43;
        CHAMFER_TYPE =       0;
        CHAMFER_X    =    0.00;
        CHAMFER_Y    =    0.00;
    }
    POINT_NUMBER = 2;
    {
        POINT_X      =  -16.24;
        POINT_Y      = -106.88;
        CHAMFER_TYPE =       0;
        CHAMFER_X    =    0.00;
        CHAMFER_Y    =    0.00;
    }
    POINT_NUMBER = 3;
    {
        POINT_X      =  -46.84;
        POINT_Y      =  149.39;
        CHAMFER_TYPE =       0;
        CHAMFER_X    =    0.00;
        CHAMFER_Y    =    0.00;
    }
    POINT_NUMBER = 4;
    {
        POINT_X      =  -46.98;
        POINT_Y      =  151.76;
        CHAMFER_TYPE =       0;
        CHAMFER_X    =    0.00;
        CHAMFER_Y    =    0.00;
    }
    POINT_NUMBER = 5;
    {
        POINT_X      =  -46.98;
        POINT_Y      =  200.57;
        CHAMFER_TYPE =       0;
        CHAMFER_X    =    0.00;
        CHAMFER_Y    =    0.00;
    }
    POINT_NUMBER = 6;
    {
        POINT_X      =  -87.50;
        POINT_Y      =  200.57;
        CHAMFER_TYPE =       0;
        CHAMFER_X    =    0.00;
        CHAMFER_Y    =    0.00;
    }
    POINT_NUMBER = 7;
    {
        POINT_X      =  -87.50;
        POINT_Y      =  194.27;
        CHAMFER_TYPE =       0;
        CHAMFER_X    =    0.00;
        CHAMFER_Y    =    0.00;
    }
    POINT_NUMBER = 8;
    {
        POINT_X      =  -49.98;
        POINT_Y      =  194.27;
        CHAMFER_TYPE =       0;
        CHAMFER_X    =    0.00;
        CHAMFER_Y    =    0.00;
    }
    POINT_NUMBER = 9;
    {
        POINT_X      =  -49.98;
        POINT_Y      =  151.76;
        CHAMFER_TYPE =       0;
        CHAMFER_X    =    0.00;
        CHAMFER_Y    =    0.00;
    }
    POINT_NUMBER = 10;
    {
        POINT_X      =  -49.82;
        POINT_Y      =  149.03;
        CHAMFER_TYPE =       0;
        CHAMFER_X    =    0.00;
        CHAMFER_Y    =    0.00;
    }
    POINT_NUMBER = 11;
    {
        POINT_X      =  -19.22;
        POINT_Y      = -107.23;
        CHAMFER_TYPE =       0;
        CHAMFER_X    =    0.00;
        CHAMFER_Y    =    0.00;
    }
    POINT_NUMBER = 12;
    {
        POINT_X      =  -15.17;
        POINT_Y      = -126.32;
        CHAMFER_TYPE =       0;
        CHAMFER_X    =    0.00;
        CHAMFER_Y    =    0.00;
    }
    POINT_NUMBER = 13;
    {
        POINT_X      =   -7.75;
        POINT_Y      = -144.36;
        CHAMFER_TYPE =       0;
        CHAMFER_X    =    0.00;
        CHAMFER_Y    =    0.00;
    }
    POINT_NUMBER = 14;
    {
        POINT_X      =    2.80;
        POINT_Y      = -160.78;
        CHAMFER_TYPE =       0;
        CHAMFER_X    =    0.00;
        CHAMFER_Y    =    0.00;
    }
    POINT_NUMBER = 15;
    {
        POINT_X      =   16.13;
        POINT_Y      = -175.02;
        CHAMFER_TYPE =       0;
        CHAMFER_X    =    0.00;
        CHAMFER_Y    =    0.00;
    }
    POINT_NUMBER = 16;
    {
        POINT_X      =   31.80;
        POINT_Y      = -186.64;
        CHAMFER_TYPE =       0;
        CHAMFER_X    =    0.00;
        CHAMFER_Y    =    0.00;
    }
    POINT_NUMBER = 17;
    {
        POINT_X      =   49.31;
        POINT_Y      = -195.25;
        CHAMFER_TYPE =       0;
        CHAMFER_X    =    0.00;
        CHAMFER_Y    =    0.00;
    }
    POINT_NUMBER = 18;
    {
        POINT_X      =   68.08;
        POINT_Y      = -200.57;
        CHAMFER_TYPE =       0;
        CHAMFER_X    =    0.00;
        CHAMFER_Y    =    0.00;
    }
    POINT_NUMBER = 19;
    {
        POINT_X      =   87.50;
        POINT_Y      = -202.43;
        CHAMFER_TYPE =       0;
        CHAMFER_X    =    0.00;
        CHAMFER_Y    =    0.00;
    }
    POINT_NUMBER = 20;
    {
        POINT_X      =   87.50;
        POINT_Y      = -199.43;
        CHAMFER_TYPE =       0;
        CHAMFER_X    =    0.00;
        CHAMFER_Y    =    0.00;
    }
    POINT_NUMBER = 21;
    {
        POINT_X      =   68.62;
        POINT_Y      = -197.62;
        CHAMFER_TYPE =       0;
        CHAMFER_X    =    0.00;
        CHAMFER_Y    =    0.00;
    }
    POINT_NUMBER = 22;
    {
        POINT_X      =   50.37;
        POINT_Y      = -192.45;
        CHAMFER_TYPE =       0;
        CHAMFER_X    =    0.00;
        CHAMFER_Y    =    0.00;
    }
    POINT_NUMBER = 23;
    {
        POINT_X      =   33.35;
        POINT_Y      = -184.08;
        CHAMFER_TYPE =       0;
        CHAMFER_X    =    0.00;
        CHAMFER_Y    =    0.00;
    }
    POINT_NUMBER = 24;
    {
        POINT_X      =   18.12;
        POINT_Y      = -172.78;
        CHAMFER_TYPE =       0;
        CHAMFER_X    =    0.00;
        CHAMFER_Y    =    0.00;
    }
    POINT_NUMBER = 25;
    {
        POINT_X      =    5.16;
        POINT_Y      = -158.93;
        CHAMFER_TYPE =       0;
        CHAMFER_X    =    0.00;
        CHAMFER_Y    =    0.00;
    }
    POINT_NUMBER = 26;
    {
        POINT_X      =   -5.09;
        POINT_Y      = -142.97;
        CHAMFER_TYPE =       0;
        CHAMFER_X    =    0.00;
        CHAMFER_Y    =    0.00;
    }
};

CROSS_SECTION_NAME = "_VO_ZAGL2";
{
    POINT_NUMBER = 1;
    {
        POINT_X      =  -20.22;
        POINT_Y      = -189.16;
        CHAMFER_TYPE =       0;
        CHAMFER_X    =    0.00;
        CHAMFER_Y    =    0.00;
    }
    POINT_NUMBER = 2;
    {
        POINT_X      =   -0.00;
        POINT_Y      = -191.00;
        CHAMFER_TYPE =       0;
        CHAMFER_X    =    0.00;
        CHAMFER_Y    =    0.00;
    }
    POINT_NUMBER = 3;
    {
        POINT_X      =   20.22;
        POINT_Y      = -189.16;
        CHAMFER_TYPE =       0;
        CHAMFER_X    =    0.00;
        CHAMFER_Y    =    0.00;
    }
    POINT_NUMBER = 4;
    {
        POINT_X      =   39.77;
        POINT_Y      = -183.70;
        CHAMFER_TYPE =       0;
        CHAMFER_X    =    0.00;
        CHAMFER_Y    =    0.00;
    }
    POINT_NUMBER = 5;
    {
        POINT_X      =   58.01;
        POINT_Y      = -174.80;
        CHAMFER_TYPE =       0;
        CHAMFER_X    =    0.00;
        CHAMFER_Y    =    0.00;
    }
    POINT_NUMBER = 6;
    {
        POINT_X      =   74.35;
        POINT_Y      = -162.76;
        CHAMFER_TYPE =       0;
        CHAMFER_X    =    0.00;
        CHAMFER_Y    =    0.00;
    }
    POINT_NUMBER = 7;
    {
        POINT_X      =   88.25;
        POINT_Y      = -147.96;
        CHAMFER_TYPE =       0;
        CHAMFER_X    =    0.00;
        CHAMFER_Y    =    0.00;
    }
    POINT_NUMBER = 8;
    {
        POINT_X      =   99.25;
        POINT_Y      = -130.90;
        CHAMFER_TYPE =       0;
        CHAMFER_X    =    0.00;
        CHAMFER_Y    =    0.00;
    }
    POINT_NUMBER = 9;
    {
        POINT_X      =  106.99;
        POINT_Y      = -112.13;
        CHAMFER_TYPE =       0;
        CHAMFER_X    =    0.00;
        CHAMFER_Y    =    0.00;
    }
    POINT_NUMBER = 10;
    {
        POINT_X      =  111.21;
        POINT_Y      =  -92.28;
        CHAMFER_TYPE =       0;
        CHAMFER_X    =    0.00;
        CHAMFER_Y    =    0.00;
    }
    POINT_NUMBER = 11;
    {
        POINT_X      =  144.86;
        POINT_Y      =  163.99;
        CHAMFER_TYPE =       0;
        CHAMFER_X    =    0.00;
        CHAMFER_Y    =    0.00;
    }
    POINT_NUMBER = 12;
    {
        POINT_X      =  145.05;
        POINT_Y      =  167.19;
        CHAMFER_TYPE =       0;
        CHAMFER_X    =    0.00;
        CHAMFER_Y    =    0.00;
    }
    POINT_NUMBER = 13;
    {
        POINT_X      =  145.05;
        POINT_Y      =  188.00;
        CHAMFER_TYPE =       0;
        CHAMFER_X    =    0.00;
        CHAMFER_Y    =    0.00;
    }
    POINT_NUMBER = 14;
    {
        POINT_X      =  178.05;
        POINT_Y      =  188.00;
        CHAMFER_TYPE =       0;
        CHAMFER_X    =    0.00;
        CHAMFER_Y    =    0.00;
    }
    POINT_NUMBER = 15;
    {
        POINT_X      =  178.05;
        POINT_Y      =  191.00;
        CHAMFER_TYPE =       0;
        CHAMFER_X    =    0.00;
        CHAMFER_Y    =    0.00;
    }
    POINT_NUMBER = 16;
    {
        POINT_X      =  141.00;
        POINT_Y      =  191.00;
        CHAMFER_TYPE =       0;
        CHAMFER_X    =    0.00;
        CHAMFER_Y    =    0.00;
    }
    POINT_NUMBER = 17;
    {
        POINT_X      =  141.00;
        POINT_Y      =  188.00;
        CHAMFER_TYPE =       0;
        CHAMFER_X    =    0.00;
        CHAMFER_Y    =    0.00;
    }
    POINT_NUMBER = 18;
    {
        POINT_X      =  142.05;
        POINT_Y      =  188.00;
        CHAMFER_TYPE =       0;
        CHAMFER_X    =    0.00;
        CHAMFER_Y    =    0.00;
    }
    POINT_NUMBER = 19;
    {
        POINT_X      =  142.05;
        POINT_Y      =  167.19;
        CHAMFER_TYPE =       0;
        CHAMFER_X    =    0.00;
        CHAMFER_Y    =    0.00;
    }
    POINT_NUMBER = 20;
    {
        POINT_X      =  141.89;
        POINT_Y      =  164.34;
        CHAMFER_TYPE =       0;
        CHAMFER_X    =    0.00;
        CHAMFER_Y    =    0.00;
    }
    POINT_NUMBER = 21;
    {
        POINT_X      =  108.23;
        POINT_Y      =  -91.92;
        CHAMFER_TYPE =       0;
        CHAMFER_X    =    0.00;
        CHAMFER_Y    =    0.00;
    }
    POINT_NUMBER = 22;
    {
        POINT_X      =  104.12;
        POINT_Y      = -111.25;
        CHAMFER_TYPE =       0;
        CHAMFER_X    =    0.00;
        CHAMFER_Y    =    0.00;
    }
    POINT_NUMBER = 23;
    {
        POINT_X      =   96.59;
        POINT_Y      = -129.51;
        CHAMFER_TYPE =       0;
        CHAMFER_X    =    0.00;
        CHAMFER_Y    =    0.00;
    }
    POINT_NUMBER = 24;
    {
        POINT_X      =   85.89;
        POINT_Y      = -146.12;
        CHAMFER_TYPE =       0;
        CHAMFER_X    =    0.00;
        CHAMFER_Y    =    0.00;
    }
    POINT_NUMBER = 25;
    {
        POINT_X      =   72.36;
        POINT_Y      = -160.52;
        CHAMFER_TYPE =       0;
        CHAMFER_X    =    0.00;
        CHAMFER_Y    =    0.00;
    }
    POINT_NUMBER = 26;
    {
        POINT_X      =   56.46;
        POINT_Y      = -172.24;
        CHAMFER_TYPE =       0;
        CHAMFER_X    =    0.00;
        CHAMFER_Y    =    0.00;
    }
    POINT_NUMBER = 27;
    {
        POINT_X      =   38.70;
        POINT_Y      = -180.90;
        CHAMFER_TYPE =       0;
        CHAMFER_X    =    0.00;
        CHAMFER_Y    =    0.00;
    }
    POINT_NUMBER = 28;
    {
        POINT_X      =   19.67;
        POINT_Y      = -186.21;
        CHAMFER_TYPE =       0;
        CHAMFER_X    =    0.00;
        CHAMFER_Y    =    0.00;
    }
    POINT_NUMBER = 29;
    {
        POINT_X      =   -0.00;
        POINT_Y      = -188.00;
        CHAMFER_TYPE =       0;
        CHAMFER_X    =    0.00;
        CHAMFER_Y    =    0.00;
    }
    POINT_NUMBER = 30;
    {
        POINT_X      =  -19.67;
        POINT_Y      = -186.21;
        CHAMFER_TYPE =       0;
        CHAMFER_X    =    0.00;
        CHAMFER_Y    =    0.00;
    }
    POINT_NUMBER = 31;
    {
        POINT_X      =  -38.70;
        POINT_Y      = -180.90;
        CHAMFER_TYPE =       0;
        CHAMFER_X    =    0.00;
        CHAMFER_Y    =    0.00;
    }
    POINT_NUMBER = 32;
    {
        POINT_X      =  -56.46;
        POINT_Y      = -172.24;
        CHAMFER_TYPE =       0;
        CHAMFER_X    =    0.00;
        CHAMFER_Y    =    0.00;
    }
    POINT_NUMBER = 33;
    {
        POINT_X      =  -72.36;
        POINT_Y      = -160.52;
        CHAMFER_TYPE =       0;
        CHAMFER_X    =    0.00;
        CHAMFER_Y    =    0.00;
    }
    POINT_NUMBER = 34;
    {
        POINT_X      =  -85.89;
        POINT_Y      = -146.12;
        CHAMFER_TYPE =       0;
        CHAMFER_X    =    0.00;
        CHAMFER_Y    =    0.00;
    }
    POINT_NUMBER = 35;
    {
        POINT_X      =  -96.59;
        POINT_Y      = -129.51;
        CHAMFER_TYPE =       0;
        CHAMFER_X    =    0.00;
        CHAMFER_Y    =    0.00;
    }
    POINT_NUMBER = 36;
    {
        POINT_X      = -104.12;
        POINT_Y      = -111.25;
        CHAMFER_TYPE =       0;
        CHAMFER_X    =    0.00;
        CHAMFER_Y    =    0.00;
    }
    POINT_NUMBER = 37;
    {
        POINT_X      = -108.23;
        POINT_Y      =  -91.92;
        CHAMFER_TYPE =       0;
        CHAMFER_X    =    0.00;
        CHAMFER_Y    =    0.00;
    }
    POINT_NUMBER = 38;
    {
        POINT_X      = -141.89;
        POINT_Y      =  164.34;
        CHAMFER_TYPE =       0;
        CHAMFER_X    =    0.00;
        CHAMFER_Y    =    0.00;
    }
    POINT_NUMBER = 39;
    {
        POINT_X      = -142.05;
        POINT_Y      =  167.19;
        CHAMFER_TYPE =       0;
        CHAMFER_X    =    0.00;
        CHAMFER_Y    =    0.00;
    }
    POINT_NUMBER = 40;
    {
        POINT_X      = -142.05;
        POINT_Y      =  188.00;
        CHAMFER_TYPE =       0;
        CHAMFER_X    =    0.00;
        CHAMFER_Y    =    0.00;
    }
    POINT_NUMBER = 41;
    {
        POINT_X      = -141.00;
        POINT_Y      =  188.00;
        CHAMFER_TYPE =       0;
        CHAMFER_X    =    0.00;
        CHAMFER_Y    =    0.00;
    }
    POINT_NUMBER = 42;
    {
        POINT_X      = -141.00;
        POINT_Y      =  191.00;
        CHAMFER_TYPE =       0;
        CHAMFER_X    =    0.00;
        CHAMFER_Y    =    0.00;
    }
    POINT_NUMBER = 43;
    {
        POINT_X      = -178.05;
        POINT_Y      =  191.00;
        CHAMFER_TYPE =       0;
        CHAMFER_X    =    0.00;
        CHAMFER_Y    =    0.00;
    }
    POINT_NUMBER = 44;
    {
        POINT_X      = -178.05;
        POINT_Y      =  188.00;
        CHAMFER_TYPE =       0;
        CHAMFER_X    =    0.00;
        CHAMFER_Y    =    0.00;
    }
    POINT_NUMBER = 45;
    {
        POINT_X      = -145.05;
        POINT_Y      =  188.00;
        CHAMFER_TYPE =       0;
        CHAMFER_X    =    0.00;
        CHAMFER_Y    =    0.00;
    }
    POINT_NUMBER = 46;
    {
        POINT_X      = -145.05;
        POINT_Y      =  167.19;
        CHAMFER_TYPE =       0;
        CHAMFER_X    =    0.00;
        CHAMFER_Y    =    0.00;
    }
    POINT_NUMBER = 47;
    {
        POINT_X      = -144.86;
        POINT_Y      =  163.99;
        CHAMFER_TYPE =       0;
        CHAMFER_X    =    0.00;
        CHAMFER_Y    =    0.00;
    }
    POINT_NUMBER = 48;
    {
        POINT_X      = -111.21;
        POINT_Y      =  -92.28;
        CHAMFER_TYPE =       0;
        CHAMFER_X    =    0.00;
        CHAMFER_Y    =    0.00;
    }
    POINT_NUMBER = 49;
    {
        POINT_X      = -106.99;
        POINT_Y      = -112.13;
        CHAMFER_TYPE =       0;
        CHAMFER_X    =    0.00;
        CHAMFER_Y    =    0.00;
    }
    POINT_NUMBER = 50;
    {
        POINT_X      =  -99.25;
        POINT_Y      = -130.90;
        CHAMFER_TYPE =       0;
        CHAMFER_X    =    0.00;
        CHAMFER_Y    =    0.00;
    }
    POINT_NUMBER = 51;
    {
        POINT_X      =  -88.25;
        POINT_Y      = -147.96;
        CHAMFER_TYPE =       0;
        CHAMFER_X    =    0.00;
        CHAMFER_Y    =    0.00;
    }
    POINT_NUMBER = 52;
    {
        POINT_X      =  -74.35;
        POINT_Y      = -162.76;
        CHAMFER_TYPE =       0;
        CHAMFER_X    =    0.00;
        CHAMFER_Y    =    0.00;
    }
    POINT_NUMBER = 53;
    {
        POINT_X      =  -58.01;
        POINT_Y      = -174.80;
        CHAMFER_TYPE =       0;
        CHAMFER_X    =    0.00;
        CHAMFER_Y    =    0.00;
    }
    POINT_NUMBER = 54;
    {
        POINT_X      =  -39.77;
        POINT_Y      = -183.70;
        CHAMFER_TYPE =       0;
        CHAMFER_X    =    0.00;
        CHAMFER_Y    =    0.00;
    }
};

CROSS_SECTION_NAME = "_VO_LOTOK_FILL_IN";
{
    POINT_NUMBER = 1;
    {
        POINT_X      =  134.86;
        POINT_Y      =  148.57;
        CHAMFER_TYPE =       0;
        CHAMFER_X    =    0.00;
        CHAMFER_Y    =    0.00;
    }
    POINT_NUMBER = 2;
    {
        POINT_X      =  135.00;
        POINT_Y      =  150.94;
        CHAMFER_TYPE =       0;
        CHAMFER_X    =    0.00;
        CHAMFER_Y    =    0.00;
    }
    POINT_NUMBER = 3;
    {
        POINT_X      =  135.00;
        POINT_Y      =  199.75;
        CHAMFER_TYPE =       0;
        CHAMFER_X    =    0.00;
        CHAMFER_Y    =    0.00;
    }
    POINT_NUMBER = 4;
    {
        POINT_X      = -135.00;
        POINT_Y      =  199.75;
        CHAMFER_TYPE =       0;
        CHAMFER_X    =    0.00;
        CHAMFER_Y    =    0.00;
    }
    POINT_NUMBER = 5;
    {
        POINT_X      = -135.00;
        POINT_Y      =  150.94;
        CHAMFER_TYPE =       0;
        CHAMFER_X    =    0.00;
        CHAMFER_Y    =    0.00;
    }
    POINT_NUMBER = 6;
    {
        POINT_X      = -134.86;
        POINT_Y      =  148.57;
        CHAMFER_TYPE =       0;
        CHAMFER_X    =    0.00;
        CHAMFER_Y    =    0.00;
    }
    POINT_NUMBER = 7;
    {
        POINT_X      = -104.26;
        POINT_Y      = -107.69;
        CHAMFER_TYPE =       0;
        CHAMFER_X    =    0.00;
        CHAMFER_Y    =    0.00;
    }
    POINT_NUMBER = 8;
    {
        POINT_X      =  -99.92;
        POINT_Y      = -127.52;
        CHAMFER_TYPE =       0;
        CHAMFER_X    =    0.00;
        CHAMFER_Y    =    0.00;
    }
    POINT_NUMBER = 9;
    {
        POINT_X      =  -91.84;
        POINT_Y      = -146.14;
        CHAMFER_TYPE =       0;
        CHAMFER_X    =    0.00;
        CHAMFER_Y    =    0.00;
    }
    POINT_NUMBER = 10;
    {
        POINT_X      =  -80.33;
        POINT_Y      = -162.86;
        CHAMFER_TYPE =       0;
        CHAMFER_X    =    0.00;
        CHAMFER_Y    =    0.00;
    }
    POINT_NUMBER = 11;
    {
        POINT_X      =  -65.83;
        POINT_Y      = -177.05;
        CHAMFER_TYPE =       0;
        CHAMFER_X    =    0.00;
        CHAMFER_Y    =    0.00;
    }
    POINT_NUMBER = 12;
    {
        POINT_X      =  -48.86;
        POINT_Y      = -188.19;
        CHAMFER_TYPE =       0;
        CHAMFER_X    =    0.00;
        CHAMFER_Y    =    0.00;
    }
    POINT_NUMBER = 13;
    {
        POINT_X      =  -30.06;
        POINT_Y      = -195.85;
        CHAMFER_TYPE =       0;
        CHAMFER_X    =    0.00;
        CHAMFER_Y    =    0.00;
    }
    POINT_NUMBER = 14;
    {
        POINT_X      =  -10.15;
        POINT_Y      = -199.75;
        CHAMFER_TYPE =       0;
        CHAMFER_X    =    0.00;
        CHAMFER_Y    =    0.00;
    }
    POINT_NUMBER = 15;
    {
        POINT_X      =   10.15;
        POINT_Y      = -199.75;
        CHAMFER_TYPE =       0;
        CHAMFER_X    =    0.00;
        CHAMFER_Y    =    0.00;
    }
    POINT_NUMBER = 16;
    {
        POINT_X      =   30.06;
        POINT_Y      = -195.85;
        CHAMFER_TYPE =       0;
        CHAMFER_X    =    0.00;
        CHAMFER_Y    =    0.00;
    }
    POINT_NUMBER = 17;
    {
        POINT_X      =   48.86;
        POINT_Y      = -188.19;
        CHAMFER_TYPE =       0;
        CHAMFER_X    =    0.00;
        CHAMFER_Y    =    0.00;
    }
    POINT_NUMBER = 18;
    {
        POINT_X      =   65.83;
        POINT_Y      = -177.05;
        CHAMFER_TYPE =       0;
        CHAMFER_X    =    0.00;
        CHAMFER_Y    =    0.00;
    }
    POINT_NUMBER = 19;
    {
        POINT_X      =   80.33;
        POINT_Y      = -162.86;
        CHAMFER_TYPE =       0;
        CHAMFER_X    =    0.00;
        CHAMFER_Y    =    0.00;
    }
    POINT_NUMBER = 20;
    {
        POINT_X      =   91.84;
        POINT_Y      = -146.14;
        CHAMFER_TYPE =       0;
        CHAMFER_X    =    0.00;
        CHAMFER_Y    =    0.00;
    }
    POINT_NUMBER = 21;
    {
        POINT_X      =   99.92;
        POINT_Y      = -127.52;
        CHAMFER_TYPE =       0;
        CHAMFER_X    =    0.00;
        CHAMFER_Y    =    0.00;
    }
    POINT_NUMBER = 22;
    {
        POINT_X      =  104.26;
        POINT_Y      = -107.69;
        CHAMFER_TYPE =       0;
        CHAMFER_X    =    0.00;
        CHAMFER_Y    =    0.00;
    }
};

CROSS_SECTION_NAME = "_VO_LOTOK_FILL";
{
    POINT_NUMBER = 1;
    {
        POINT_X      =  107.24;
        POINT_Y      = -106.56;
        CHAMFER_TYPE =       0;
        CHAMFER_X    =    0.00;
        CHAMFER_Y    =    0.00;
    }
    POINT_NUMBER = 2;
    {
        POINT_X      =  137.84;
        POINT_Y      =  149.71;
        CHAMFER_TYPE =       0;
        CHAMFER_X    =    0.00;
        CHAMFER_Y    =    0.00;
    }
    POINT_NUMBER = 3;
    {
        POINT_X      =  137.96;
        POINT_Y      =  150.27;
        CHAMFER_TYPE =       0;
        CHAMFER_X    =    0.00;
        CHAMFER_Y    =    0.00;
    }
    POINT_NUMBER = 4;
    {
        POINT_X      =  138.18;
        POINT_Y      =  150.80;
        CHAMFER_TYPE =       0;
        CHAMFER_X    =    0.00;
        CHAMFER_Y    =    0.00;
    }
    POINT_NUMBER = 5;
    {
        POINT_X      =  138.49;
        POINT_Y      =  151.28;
        CHAMFER_TYPE =       0;
        CHAMFER_X    =    0.00;
        CHAMFER_Y    =    0.00;
    }
    POINT_NUMBER = 6;
    {
        POINT_X      =  138.89;
        POINT_Y      =  151.69;
        CHAMFER_TYPE =       0;
        CHAMFER_X    =    0.00;
        CHAMFER_Y    =    0.00;
    }
    POINT_NUMBER = 7;
    {
        POINT_X      =  139.36;
        POINT_Y      =  152.02;
        CHAMFER_TYPE =       0;
        CHAMFER_X    =    0.00;
        CHAMFER_Y    =    0.00;
    }
    POINT_NUMBER = 8;
    {
        POINT_X      =  139.87;
        POINT_Y      =  152.26;
        CHAMFER_TYPE =       0;
        CHAMFER_X    =    0.00;
        CHAMFER_Y    =    0.00;
    }
    POINT_NUMBER = 9;
    {
        POINT_X      =  140.43;
        POINT_Y      =  152.40;
        CHAMFER_TYPE =       0;
        CHAMFER_X    =    0.00;
        CHAMFER_Y    =    0.00;
    }
    POINT_NUMBER = 10;
    {
        POINT_X      =  141.00;
        POINT_Y      =  152.44;
        CHAMFER_TYPE =       0;
        CHAMFER_X    =    0.00;
        CHAMFER_Y    =    0.00;
    }
    POINT_NUMBER = 11;
    {
        POINT_X      =  141.00;
        POINT_Y      =  191.25;
        CHAMFER_TYPE =       0;
        CHAMFER_X    =    0.00;
        CHAMFER_Y    =    0.00;
    }
    POINT_NUMBER = 12;
    {
        POINT_X      =  141.08;
        POINT_Y      =  192.03;
        CHAMFER_TYPE =       0;
        CHAMFER_X    =    0.00;
        CHAMFER_Y    =    0.00;
    }
    POINT_NUMBER = 13;
    {
        POINT_X      =  141.30;
        POINT_Y      =  192.78;
        CHAMFER_TYPE =       0;
        CHAMFER_X    =    0.00;
        CHAMFER_Y    =    0.00;
    }
    POINT_NUMBER = 14;
    {
        POINT_X      =  141.67;
        POINT_Y      =  193.47;
        CHAMFER_TYPE =       0;
        CHAMFER_X    =    0.00;
        CHAMFER_Y    =    0.00;
    }
    POINT_NUMBER = 15;
    {
        POINT_X      =  142.17;
        POINT_Y      =  194.08;
        CHAMFER_TYPE =       0;
        CHAMFER_X    =    0.00;
        CHAMFER_Y    =    0.00;
    }
    POINT_NUMBER = 16;
    {
        POINT_X      =  142.78;
        POINT_Y      =  194.57;
        CHAMFER_TYPE =       0;
        CHAMFER_X    =    0.00;
        CHAMFER_Y    =    0.00;
    }
    POINT_NUMBER = 17;
    {
        POINT_X      =  143.47;
        POINT_Y      =  194.94;
        CHAMFER_TYPE =       0;
        CHAMFER_X    =    0.00;
        CHAMFER_Y    =    0.00;
    }
    POINT_NUMBER = 18;
    {
        POINT_X      =  144.22;
        POINT_Y      =  195.17;
        CHAMFER_TYPE =       0;
        CHAMFER_X    =    0.00;
        CHAMFER_Y    =    0.00;
    }
    POINT_NUMBER = 19;
    {
        POINT_X      =  145.00;
        POINT_Y      =  195.25;
        CHAMFER_TYPE =       0;
        CHAMFER_X    =    0.00;
        CHAMFER_Y    =    0.00;
    }
    POINT_NUMBER = 20;
    {
        POINT_X      =  175.00;
        POINT_Y      =  195.25;
        CHAMFER_TYPE =       0;
        CHAMFER_X    =    0.00;
        CHAMFER_Y    =    0.00;
    }
    POINT_NUMBER = 21;
    {
        POINT_X      =  175.00;
        POINT_Y      =  201.25;
        CHAMFER_TYPE =       0;
        CHAMFER_X    =    0.00;
        CHAMFER_Y    =    0.00;
    }
    POINT_NUMBER = 22;
    {
        POINT_X      = -175.00;
        POINT_Y      =  201.25;
        CHAMFER_TYPE =       0;
        CHAMFER_X    =    0.00;
        CHAMFER_Y    =    0.00;
    }
    POINT_NUMBER = 23;
    {
        POINT_X      = -175.00;
        POINT_Y      =  195.25;
        CHAMFER_TYPE =       0;
        CHAMFER_X    =    0.00;
        CHAMFER_Y    =    0.00;
    }
    POINT_NUMBER = 24;
    {
        POINT_X      = -145.00;
        POINT_Y      =  195.25;
        CHAMFER_TYPE =       0;
        CHAMFER_X    =    0.00;
        CHAMFER_Y    =    0.00;
    }
    POINT_NUMBER = 25;
    {
        POINT_X      = -144.31;
        POINT_Y      =  195.19;
        CHAMFER_TYPE =       0;
        CHAMFER_X    =    0.00;
        CHAMFER_Y    =    0.00;
    }
    POINT_NUMBER = 26;
    {
        POINT_X      = -143.63;
        POINT_Y      =  195.01;
        CHAMFER_TYPE =       0;
        CHAMFER_X    =    0.00;
        CHAMFER_Y    =    0.00;
    }
    POINT_NUMBER = 27;
    {
        POINT_X      = -143.00;
        POINT_Y      =  194.71;
        CHAMFER_TYPE =       0;
        CHAMFER_X    =    0.00;
        CHAMFER_Y    =    0.00;
    }
    POINT_NUMBER = 28;
    {
        POINT_X      = -142.43;
        POINT_Y      =  194.31;
        CHAMFER_TYPE =       0;
        CHAMFER_X    =    0.00;
        CHAMFER_Y    =    0.00;
    }
    POINT_NUMBER = 29;
    {
        POINT_X      = -141.94;
        POINT_Y      =  193.82;
        CHAMFER_TYPE =       0;
        CHAMFER_X    =    0.00;
        CHAMFER_Y    =    0.00;
    }
    POINT_NUMBER = 30;
    {
        POINT_X      = -141.54;
        POINT_Y      =  193.25;
        CHAMFER_TYPE =       0;
        CHAMFER_X    =    0.00;
        CHAMFER_Y    =    0.00;
    }
    POINT_NUMBER = 31;
    {
        POINT_X      = -141.24;
        POINT_Y      =  192.62;
        CHAMFER_TYPE =       0;
        CHAMFER_X    =    0.00;
        CHAMFER_Y    =    0.00;
    }
    POINT_NUMBER = 32;
    {
        POINT_X      = -141.06;
        POINT_Y      =  191.94;
        CHAMFER_TYPE =       0;
        CHAMFER_X    =    0.00;
        CHAMFER_Y    =    0.00;
    }
    POINT_NUMBER = 33;
    {
        POINT_X      = -141.00;
        POINT_Y      =  191.25;
        CHAMFER_TYPE =       0;
        CHAMFER_X    =    0.00;
        CHAMFER_Y    =    0.00;
    }
    POINT_NUMBER = 34;
    {
        POINT_X      = -141.00;
        POINT_Y      =  152.44;
        CHAMFER_TYPE =       0;
        CHAMFER_X    =    0.00;
        CHAMFER_Y    =    0.00;
    }
    POINT_NUMBER = 35;
    {
        POINT_X      = -140.43;
        POINT_Y      =  152.40;
        CHAMFER_TYPE =       0;
        CHAMFER_X    =    0.00;
        CHAMFER_Y    =    0.00;
    }
    POINT_NUMBER = 36;
    {
        POINT_X      = -139.87;
        POINT_Y      =  152.26;
        CHAMFER_TYPE =       0;
        CHAMFER_X    =    0.00;
        CHAMFER_Y    =    0.00;
    }
    POINT_NUMBER = 37;
    {
        POINT_X      = -139.36;
        POINT_Y      =  152.02;
        CHAMFER_TYPE =       0;
        CHAMFER_X    =    0.00;
        CHAMFER_Y    =    0.00;
    }
    POINT_NUMBER = 38;
    {
        POINT_X      = -138.89;
        POINT_Y      =  151.69;
        CHAMFER_TYPE =       0;
        CHAMFER_X    =    0.00;
        CHAMFER_Y    =    0.00;
    }
    POINT_NUMBER = 39;
    {
        POINT_X      = -138.49;
        POINT_Y      =  151.28;
        CHAMFER_TYPE =       0;
        CHAMFER_X    =    0.00;
        CHAMFER_Y    =    0.00;
    }
    POINT_NUMBER = 40;
    {
        POINT_X      = -138.18;
        POINT_Y      =  150.80;
        CHAMFER_TYPE =       0;
        CHAMFER_X    =    0.00;
        CHAMFER_Y    =    0.00;
    }
    POINT_NUMBER = 41;
    {
        POINT_X      = -137.96;
        POINT_Y      =  150.27;
        CHAMFER_TYPE =       0;
        CHAMFER_X    =    0.00;
        CHAMFER_Y    =    0.00;
    }
    POINT_NUMBER = 42;
    {
        POINT_X      = -137.84;
        POINT_Y      =  149.71;
        CHAMFER_TYPE =       0;
        CHAMFER_X    =    0.00;
        CHAMFER_Y    =    0.00;
    }
    POINT_NUMBER = 43;
    {
        POINT_X      = -107.24;
        POINT_Y      = -106.56;
        CHAMFER_TYPE =       0;
        CHAMFER_X    =    0.00;
        CHAMFER_Y    =    0.00;
    }
    POINT_NUMBER = 44;
    {
        POINT_X      = -102.77;
        POINT_Y      = -126.95;
        CHAMFER_TYPE =       0;
        CHAMFER_X    =    0.00;
        CHAMFER_Y    =    0.00;
    }
    POINT_NUMBER = 45;
    {
        POINT_X      =  -94.46;
        POINT_Y      = -146.10;
        CHAMFER_TYPE =       0;
        CHAMFER_X    =    0.00;
        CHAMFER_Y    =    0.00;
    }
    POINT_NUMBER = 46;
    {
        POINT_X      =  -82.63;
        POINT_Y      = -163.30;
        CHAMFER_TYPE =       0;
        CHAMFER_X    =    0.00;
        CHAMFER_Y    =    0.00;
    }
    POINT_NUMBER = 47;
    {
        POINT_X      =  -67.71;
        POINT_Y      = -177.89;
        CHAMFER_TYPE =       0;
        CHAMFER_X    =    0.00;
        CHAMFER_Y    =    0.00;
    }
    POINT_NUMBER = 48;
    {
        POINT_X      =  -50.25;
        POINT_Y      = -189.35;
        CHAMFER_TYPE =       0;
        CHAMFER_X    =    0.00;
        CHAMFER_Y    =    0.00;
    }
    POINT_NUMBER = 49;
    {
        POINT_X      =  -30.92;
        POINT_Y      = -197.23;
        CHAMFER_TYPE =       0;
        CHAMFER_X    =    0.00;
        CHAMFER_Y    =    0.00;
    }
    POINT_NUMBER = 50;
    {
        POINT_X      =  -10.44;
        POINT_Y      = -201.25;
        CHAMFER_TYPE =       0;
        CHAMFER_X    =    0.00;
        CHAMFER_Y    =    0.00;
    }
    POINT_NUMBER = 51;
    {
        POINT_X      =   10.44;
        POINT_Y      = -201.25;
        CHAMFER_TYPE =       0;
        CHAMFER_X    =    0.00;
        CHAMFER_Y    =    0.00;
    }
    POINT_NUMBER = 52;
    {
        POINT_X      =   30.92;
        POINT_Y      = -197.23;
        CHAMFER_TYPE =       0;
        CHAMFER_X    =    0.00;
        CHAMFER_Y    =    0.00;
    }
    POINT_NUMBER = 53;
    {
        POINT_X      =   50.25;
        POINT_Y      = -189.35;
        CHAMFER_TYPE =       0;
        CHAMFER_X    =    0.00;
        CHAMFER_Y    =    0.00;
    }
    POINT_NUMBER = 54;
    {
        POINT_X      =   67.71;
        POINT_Y      = -177.89;
        CHAMFER_TYPE =       0;
        CHAMFER_X    =    0.00;
        CHAMFER_Y    =    0.00;
    }
    POINT_NUMBER = 55;
    {
        POINT_X      =   82.63;
        POINT_Y      = -163.30;
        CHAMFER_TYPE =       0;
        CHAMFER_X    =    0.00;
        CHAMFER_Y    =    0.00;
    }
    POINT_NUMBER = 56;
    {
        POINT_X      =   94.46;
        POINT_Y      = -146.10;
        CHAMFER_TYPE =       0;
        CHAMFER_X    =    0.00;
        CHAMFER_Y    =    0.00;
    }
    POINT_NUMBER = 57;
    {
        POINT_X      =  102.77;
        POINT_Y      = -126.95;
        CHAMFER_TYPE =       0;
        CHAMFER_X    =    0.00;
        CHAMFER_Y    =    0.00;
    }
};

CROSS_SECTION_NAME = "_VO_CULVERT";
{
    POINT_NUMBER = 1;
    {
        POINT_X      =  107.24;
        POINT_Y      = -106.56;
        CHAMFER_TYPE =       0;
        CHAMFER_X    =    0.00;
        CHAMFER_Y    =    0.00;
    }
    POINT_NUMBER = 2;
    {
        POINT_X      =  137.84;
        POINT_Y      =  149.71;
        CHAMFER_TYPE =       0;
        CHAMFER_X    =    0.00;
        CHAMFER_Y    =    0.00;
    }
    POINT_NUMBER = 3;
    {
        POINT_X      =  137.96;
        POINT_Y      =  150.27;
        CHAMFER_TYPE =       0;
        CHAMFER_X    =    0.00;
        CHAMFER_Y    =    0.00;
    }
    POINT_NUMBER = 4;
    {
        POINT_X      =  138.18;
        POINT_Y      =  150.80;
        CHAMFER_TYPE =       0;
        CHAMFER_X    =    0.00;
        CHAMFER_Y    =    0.00;
    }
    POINT_NUMBER = 5;
    {
        POINT_X      =  138.49;
        POINT_Y      =  151.28;
        CHAMFER_TYPE =       0;
        CHAMFER_X    =    0.00;
        CHAMFER_Y    =    0.00;
    }
    POINT_NUMBER = 6;
    {
        POINT_X      =  138.89;
        POINT_Y      =  151.69;
        CHAMFER_TYPE =       0;
        CHAMFER_X    =    0.00;
        CHAMFER_Y    =    0.00;
    }
    POINT_NUMBER = 7;
    {
        POINT_X      =  139.36;
        POINT_Y      =  152.02;
        CHAMFER_TYPE =       0;
        CHAMFER_X    =    0.00;
        CHAMFER_Y    =    0.00;
    }
    POINT_NUMBER = 8;
    {
        POINT_X      =  139.87;
        POINT_Y      =  152.26;
        CHAMFER_TYPE =       0;
        CHAMFER_X    =    0.00;
        CHAMFER_Y    =    0.00;
    }
    POINT_NUMBER = 9;
    {
        POINT_X      =  140.43;
        POINT_Y      =  152.40;
        CHAMFER_TYPE =       0;
        CHAMFER_X    =    0.00;
        CHAMFER_Y    =    0.00;
    }
    POINT_NUMBER = 10;
    {
        POINT_X      =  141.00;
        POINT_Y      =  152.44;
        CHAMFER_TYPE =       0;
        CHAMFER_X    =    0.00;
        CHAMFER_Y    =    0.00;
    }
    POINT_NUMBER = 11;
    {
        POINT_X      =  141.00;
        POINT_Y      =  191.25;
        CHAMFER_TYPE =       0;
        CHAMFER_X    =    0.00;
        CHAMFER_Y    =    0.00;
    }
    POINT_NUMBER = 12;
    {
        POINT_X      =  141.08;
        POINT_Y      =  192.03;
        CHAMFER_TYPE =       0;
        CHAMFER_X    =    0.00;
        CHAMFER_Y    =    0.00;
    }
    POINT_NUMBER = 13;
    {
        POINT_X      =  141.30;
        POINT_Y      =  192.78;
        CHAMFER_TYPE =       0;
        CHAMFER_X    =    0.00;
        CHAMFER_Y    =    0.00;
    }
    POINT_NUMBER = 14;
    {
        POINT_X      =  141.67;
        POINT_Y      =  193.47;
        CHAMFER_TYPE =       0;
        CHAMFER_X    =    0.00;
        CHAMFER_Y    =    0.00;
    }
    POINT_NUMBER = 15;
    {
        POINT_X      =  142.17;
        POINT_Y      =  194.08;
        CHAMFER_TYPE =       0;
        CHAMFER_X    =    0.00;
        CHAMFER_Y    =    0.00;
    }
    POINT_NUMBER = 16;
    {
        POINT_X      =  142.78;
        POINT_Y      =  194.57;
        CHAMFER_TYPE =       0;
        CHAMFER_X    =    0.00;
        CHAMFER_Y    =    0.00;
    }
    POINT_NUMBER = 17;
    {
        POINT_X      =  143.47;
        POINT_Y      =  194.94;
        CHAMFER_TYPE =       0;
        CHAMFER_X    =    0.00;
        CHAMFER_Y    =    0.00;
    }
    POINT_NUMBER = 18;
    {
        POINT_X      =  144.22;
        POINT_Y      =  195.17;
        CHAMFER_TYPE =       0;
        CHAMFER_X    =    0.00;
        CHAMFER_Y    =    0.00;
    }
    POINT_NUMBER = 19;
    {
        POINT_X      =  145.00;
        POINT_Y      =  195.25;
        CHAMFER_TYPE =       0;
        CHAMFER_X    =    0.00;
        CHAMFER_Y    =    0.00;
    }
    POINT_NUMBER = 20;
    {
        POINT_X      =  175.00;
        POINT_Y      =  195.25;
        CHAMFER_TYPE =       0;
        CHAMFER_X    =    0.00;
        CHAMFER_Y    =    0.00;
    }
    POINT_NUMBER = 21;
    {
        POINT_X      =  175.00;
        POINT_Y      =  201.25;
        CHAMFER_TYPE =       0;
        CHAMFER_X    =    0.00;
        CHAMFER_Y    =    0.00;
    }
    POINT_NUMBER = 22;
    {
        POINT_X      =  140.00;
        POINT_Y      =  201.25;
        CHAMFER_TYPE =       0;
        CHAMFER_X    =    0.00;
        CHAMFER_Y    =    0.00;
    }
    POINT_NUMBER = 23;
    {
        POINT_X      =  139.02;
        POINT_Y      =  201.15;
        CHAMFER_TYPE =       0;
        CHAMFER_X    =    0.00;
        CHAMFER_Y    =    0.00;
    }
    POINT_NUMBER = 24;
    {
        POINT_X      =  138.09;
        POINT_Y      =  200.87;
        CHAMFER_TYPE =       0;
        CHAMFER_X    =    0.00;
        CHAMFER_Y    =    0.00;
    }
    POINT_NUMBER = 25;
    {
        POINT_X      =  137.22;
        POINT_Y      =  200.40;
        CHAMFER_TYPE =       0;
        CHAMFER_X    =    0.00;
        CHAMFER_Y    =    0.00;
    }
    POINT_NUMBER = 26;
    {
        POINT_X      =  136.46;
        POINT_Y      =  199.78;
        CHAMFER_TYPE =       0;
        CHAMFER_X    =    0.00;
        CHAMFER_Y    =    0.00;
    }
    POINT_NUMBER = 27;
    {
        POINT_X      =  135.84;
        POINT_Y      =  199.03;
        CHAMFER_TYPE =       0;
        CHAMFER_X    =    0.00;
        CHAMFER_Y    =    0.00;
    }
    POINT_NUMBER = 28;
    {
        POINT_X      =  135.38;
        POINT_Y      =  198.16;
        CHAMFER_TYPE =       0;
        CHAMFER_X    =    0.00;
        CHAMFER_Y    =    0.00;
    }
    POINT_NUMBER = 29;
    {
        POINT_X      =  135.10;
        POINT_Y      =  197.22;
        CHAMFER_TYPE =       0;
        CHAMFER_X    =    0.00;
        CHAMFER_Y    =    0.00;
    }
    POINT_NUMBER = 30;
    {
        POINT_X      =  135.00;
        POINT_Y      =  196.25;
        CHAMFER_TYPE =       0;
        CHAMFER_X    =    0.00;
        CHAMFER_Y    =    0.00;
    }
    POINT_NUMBER = 31;
    {
        POINT_X      =  135.00;
        POINT_Y      =  152.44;
        CHAMFER_TYPE =       0;
        CHAMFER_X    =    0.00;
        CHAMFER_Y    =    0.00;
    }
    POINT_NUMBER = 32;
    {
        POINT_X      =  134.86;
        POINT_Y      =  150.07;
        CHAMFER_TYPE =       0;
        CHAMFER_X    =    0.00;
        CHAMFER_Y    =    0.00;
    }
    POINT_NUMBER = 33;
    {
        POINT_X      =  104.26;
        POINT_Y      = -106.20;
        CHAMFER_TYPE =       0;
        CHAMFER_X    =    0.00;
        CHAMFER_Y    =    0.00;
    }
    POINT_NUMBER = 34;
    {
        POINT_X      =   99.92;
        POINT_Y      = -126.03;
        CHAMFER_TYPE =       0;
        CHAMFER_X    =    0.00;
        CHAMFER_Y    =    0.00;
    }
    POINT_NUMBER = 35;
    {
        POINT_X      =   91.84;
        POINT_Y      = -144.65;
        CHAMFER_TYPE =       0;
        CHAMFER_X    =    0.00;
        CHAMFER_Y    =    0.00;
    }
    POINT_NUMBER = 36;
    {
        POINT_X      =   80.33;
        POINT_Y      = -161.37;
        CHAMFER_TYPE =       0;
        CHAMFER_X    =    0.00;
        CHAMFER_Y    =    0.00;
    }
    POINT_NUMBER = 37;
    {
        POINT_X      =   65.83;
        POINT_Y      = -175.56;
        CHAMFER_TYPE =       0;
        CHAMFER_X    =    0.00;
        CHAMFER_Y    =    0.00;
    }
    POINT_NUMBER = 38;
    {
        POINT_X      =   48.86;
        POINT_Y      = -186.69;
        CHAMFER_TYPE =       0;
        CHAMFER_X    =    0.00;
        CHAMFER_Y    =    0.00;
    }
    POINT_NUMBER = 39;
    {
        POINT_X      =   30.06;
        POINT_Y      = -194.36;
        CHAMFER_TYPE =       0;
        CHAMFER_X    =    0.00;
        CHAMFER_Y    =    0.00;
    }
    POINT_NUMBER = 40;
    {
        POINT_X      =   10.15;
        POINT_Y      = -198.26;
        CHAMFER_TYPE =       0;
        CHAMFER_X    =    0.00;
        CHAMFER_Y    =    0.00;
    }
    POINT_NUMBER = 41;
    {
        POINT_X      =  -10.15;
        POINT_Y      = -198.26;
        CHAMFER_TYPE =       0;
        CHAMFER_X    =    0.00;
        CHAMFER_Y    =    0.00;
    }
    POINT_NUMBER = 42;
    {
        POINT_X      =  -30.06;
        POINT_Y      = -194.36;
        CHAMFER_TYPE =       0;
        CHAMFER_X    =    0.00;
        CHAMFER_Y    =    0.00;
    }
    POINT_NUMBER = 43;
    {
        POINT_X      =  -48.86;
        POINT_Y      = -186.69;
        CHAMFER_TYPE =       0;
        CHAMFER_X    =    0.00;
        CHAMFER_Y    =    0.00;
    }
    POINT_NUMBER = 44;
    {
        POINT_X      =  -65.83;
        POINT_Y      = -175.56;
        CHAMFER_TYPE =       0;
        CHAMFER_X    =    0.00;
        CHAMFER_Y    =    0.00;
    }
    POINT_NUMBER = 45;
    {
        POINT_X      =  -80.33;
        POINT_Y      = -161.37;
        CHAMFER_TYPE =       0;
        CHAMFER_X    =    0.00;
        CHAMFER_Y    =    0.00;
    }
    POINT_NUMBER = 46;
    {
        POINT_X      =  -91.84;
        POINT_Y      = -144.65;
        CHAMFER_TYPE =       0;
        CHAMFER_X    =    0.00;
        CHAMFER_Y    =    0.00;
    }
    POINT_NUMBER = 47;
    {
        POINT_X      =  -99.92;
        POINT_Y      = -126.03;
        CHAMFER_TYPE =       0;
        CHAMFER_X    =    0.00;
        CHAMFER_Y    =    0.00;
    }
    POINT_NUMBER = 48;
    {
        POINT_X      = -104.26;
        POINT_Y      = -106.20;
        CHAMFER_TYPE =       0;
        CHAMFER_X    =    0.00;
        CHAMFER_Y    =    0.00;
    }
    POINT_NUMBER = 49;
    {
        POINT_X      = -134.86;
        POINT_Y      =  150.07;
        CHAMFER_TYPE =       0;
        CHAMFER_X    =    0.00;
        CHAMFER_Y    =    0.00;
    }
    POINT_NUMBER = 50;
    {
        POINT_X      = -135.00;
        POINT_Y      =  152.44;
        CHAMFER_TYPE =       0;
        CHAMFER_X    =    0.00;
        CHAMFER_Y    =    0.00;
    }
    POINT_NUMBER = 51;
    {
        POINT_X      = -135.00;
        POINT_Y      =  196.25;
        CHAMFER_TYPE =       0;
        CHAMFER_X    =    0.00;
        CHAMFER_Y    =    0.00;
    }
    POINT_NUMBER = 52;
    {
        POINT_X      = -135.10;
        POINT_Y      =  197.22;
        CHAMFER_TYPE =       0;
        CHAMFER_X    =    0.00;
        CHAMFER_Y    =    0.00;
    }
    POINT_NUMBER = 53;
    {
        POINT_X      = -135.38;
        POINT_Y      =  198.16;
        CHAMFER_TYPE =       0;
        CHAMFER_X    =    0.00;
        CHAMFER_Y    =    0.00;
    }
    POINT_NUMBER = 54;
    {
        POINT_X      = -135.84;
        POINT_Y      =  199.03;
        CHAMFER_TYPE =       0;
        CHAMFER_X    =    0.00;
        CHAMFER_Y    =    0.00;
    }
    POINT_NUMBER = 55;
    {
        POINT_X      = -136.46;
        POINT_Y      =  199.78;
        CHAMFER_TYPE =       0;
        CHAMFER_X    =    0.00;
        CHAMFER_Y    =    0.00;
    }
    POINT_NUMBER = 56;
    {
        POINT_X      = -137.22;
        POINT_Y      =  200.40;
        CHAMFER_TYPE =       0;
        CHAMFER_X    =    0.00;
        CHAMFER_Y    =    0.00;
    }
    POINT_NUMBER = 57;
    {
        POINT_X      = -138.09;
        POINT_Y      =  200.87;
        CHAMFER_TYPE =       0;
        CHAMFER_X    =    0.00;
        CHAMFER_Y    =    0.00;
    }
    POINT_NUMBER = 58;
    {
        POINT_X      = -139.02;
        POINT_Y      =  201.15;
        CHAMFER_TYPE =       0;
        CHAMFER_X    =    0.00;
        CHAMFER_Y    =    0.00;
    }
    POINT_NUMBER = 59;
    {
        POINT_X      = -140.00;
        POINT_Y      =  201.25;
        CHAMFER_TYPE =       0;
        CHAMFER_X    =    0.00;
        CHAMFER_Y    =    0.00;
    }
    POINT_NUMBER = 60;
    {
        POINT_X      = -175.00;
        POINT_Y      =  201.25;
        CHAMFER_TYPE =       0;
        CHAMFER_X    =    0.00;
        CHAMFER_Y    =    0.00;
    }
    POINT_NUMBER = 61;
    {
        POINT_X      = -175.00;
        POINT_Y      =  195.25;
        CHAMFER_TYPE =       0;
        CHAMFER_X    =    0.00;
        CHAMFER_Y    =    0.00;
    }
    POINT_NUMBER = 62;
    {
        POINT_X      = -145.00;
        POINT_Y      =  195.25;
        CHAMFER_TYPE =       0;
        CHAMFER_X    =    0.00;
        CHAMFER_Y    =    0.00;
    }
    POINT_NUMBER = 63;
    {
        POINT_X      = -144.31;
        POINT_Y      =  195.19;
        CHAMFER_TYPE =       0;
        CHAMFER_X    =    0.00;
        CHAMFER_Y    =    0.00;
    }
    POINT_NUMBER = 64;
    {
        POINT_X      = -143.63;
        POINT_Y      =  195.01;
        CHAMFER_TYPE =       0;
        CHAMFER_X    =    0.00;
        CHAMFER_Y    =    0.00;
    }
    POINT_NUMBER = 65;
    {
        POINT_X      = -143.00;
        POINT_Y      =  194.71;
        CHAMFER_TYPE =       0;
        CHAMFER_X    =    0.00;
        CHAMFER_Y    =    0.00;
    }
    POINT_NUMBER = 66;
    {
        POINT_X      = -142.43;
        POINT_Y      =  194.31;
        CHAMFER_TYPE =       0;
        CHAMFER_X    =    0.00;
        CHAMFER_Y    =    0.00;
    }
    POINT_NUMBER = 67;
    {
        POINT_X      = -141.94;
        POINT_Y      =  193.82;
        CHAMFER_TYPE =       0;
        CHAMFER_X    =    0.00;
        CHAMFER_Y    =    0.00;
    }
    POINT_NUMBER = 68;
    {
        POINT_X      = -141.54;
        POINT_Y      =  193.25;
        CHAMFER_TYPE =       0;
        CHAMFER_X    =    0.00;
        CHAMFER_Y    =    0.00;
    }
    POINT_NUMBER = 69;
    {
        POINT_X      = -141.24;
        POINT_Y      =  192.62;
        CHAMFER_TYPE =       0;
        CHAMFER_X    =    0.00;
        CHAMFER_Y    =    0.00;
    }
    POINT_NUMBER = 70;
    {
        POINT_X      = -141.06;
        POINT_Y      =  191.94;
        CHAMFER_TYPE =       0;
        CHAMFER_X    =    0.00;
        CHAMFER_Y    =    0.00;
    }
    POINT_NUMBER = 71;
    {
        POINT_X      = -141.00;
        POINT_Y      =  191.25;
        CHAMFER_TYPE =       0;
        CHAMFER_X    =    0.00;
        CHAMFER_Y    =    0.00;
    }
    POINT_NUMBER = 72;
    {
        POINT_X      = -141.00;
        POINT_Y      =  152.44;
        CHAMFER_TYPE =       0;
        CHAMFER_X    =    0.00;
        CHAMFER_Y    =    0.00;
    }
    POINT_NUMBER = 73;
    {
        POINT_X      = -140.43;
        POINT_Y      =  152.40;
        CHAMFER_TYPE =       0;
        CHAMFER_X    =    0.00;
        CHAMFER_Y    =    0.00;
    }
    POINT_NUMBER = 74;
    {
        POINT_X      = -139.87;
        POINT_Y      =  152.26;
        CHAMFER_TYPE =       0;
        CHAMFER_X    =    0.00;
        CHAMFER_Y    =    0.00;
    }
    POINT_NUMBER = 75;
    {
        POINT_X      = -139.36;
        POINT_Y      =  152.02;
        CHAMFER_TYPE =       0;
        CHAMFER_X    =    0.00;
        CHAMFER_Y    =    0.00;
    }
    POINT_NUMBER = 76;
    {
        POINT_X      = -138.89;
        POINT_Y      =  151.69;
        CHAMFER_TYPE =       0;
        CHAMFER_X    =    0.00;
        CHAMFER_Y    =    0.00;
    }
    POINT_NUMBER = 77;
    {
        POINT_X      = -138.49;
        POINT_Y      =  151.28;
        CHAMFER_TYPE =       0;
        CHAMFER_X    =    0.00;
        CHAMFER_Y    =    0.00;
    }
    POINT_NUMBER = 78;
    {
        POINT_X      = -138.18;
        POINT_Y      =  150.80;
        CHAMFER_TYPE =       0;
        CHAMFER_X    =    0.00;
        CHAMFER_Y    =    0.00;
    }
    POINT_NUMBER = 79;
    {
        POINT_X      = -137.96;
        POINT_Y      =  150.27;
        CHAMFER_TYPE =       0;
        CHAMFER_X    =    0.00;
        CHAMFER_Y    =    0.00;
    }
    POINT_NUMBER = 80;
    {
        POINT_X      = -137.84;
        POINT_Y      =  149.71;
        CHAMFER_TYPE =       0;
        CHAMFER_X    =    0.00;
        CHAMFER_Y    =    0.00;
    }
    POINT_NUMBER = 81;
    {
        POINT_X      = -107.24;
        POINT_Y      = -106.56;
        CHAMFER_TYPE =       0;
        CHAMFER_X    =    0.00;
        CHAMFER_Y    =    0.00;
    }
    POINT_NUMBER = 82;
    {
        POINT_X      = -102.77;
        POINT_Y      = -126.95;
        CHAMFER_TYPE =       0;
        CHAMFER_X    =    0.00;
        CHAMFER_Y    =    0.00;
    }
    POINT_NUMBER = 83;
    {
        POINT_X      =  -94.46;
        POINT_Y      = -146.10;
        CHAMFER_TYPE =       0;
        CHAMFER_X    =    0.00;
        CHAMFER_Y    =    0.00;
    }
    POINT_NUMBER = 84;
    {
        POINT_X      =  -82.63;
        POINT_Y      = -163.30;
        CHAMFER_TYPE =       0;
        CHAMFER_X    =    0.00;
        CHAMFER_Y    =    0.00;
    }
    POINT_NUMBER = 85;
    {
        POINT_X      =  -67.71;
        POINT_Y      = -177.89;
        CHAMFER_TYPE =       0;
        CHAMFER_X    =    0.00;
        CHAMFER_Y    =    0.00;
    }
    POINT_NUMBER = 86;
    {
        POINT_X      =  -50.25;
        POINT_Y      = -189.35;
        CHAMFER_TYPE =       0;
        CHAMFER_X    =    0.00;
        CHAMFER_Y    =    0.00;
    }
    POINT_NUMBER = 87;
    {
        POINT_X      =  -30.92;
        POINT_Y      = -197.23;
        CHAMFER_TYPE =       0;
        CHAMFER_X    =    0.00;
        CHAMFER_Y    =    0.00;
    }
    POINT_NUMBER = 88;
    {
        POINT_X      =  -10.44;
        POINT_Y      = -201.25;
        CHAMFER_TYPE =       0;
        CHAMFER_X    =    0.00;
        CHAMFER_Y    =    0.00;
    }
    POINT_NUMBER = 89;
    {
        POINT_X      =   10.44;
        POINT_Y      = -201.25;
        CHAMFER_TYPE =       0;
        CHAMFER_X    =    0.00;
        CHAMFER_Y    =    0.00;
    }
    POINT_NUMBER = 90;
    {
        POINT_X      =   30.92;
        POINT_Y      = -197.23;
        CHAMFER_TYPE =       0;
        CHAMFER_X    =    0.00;
        CHAMFER_Y    =    0.00;
    }
    POINT_NUMBER = 91;
    {
        POINT_X      =   50.25;
        POINT_Y      = -189.35;
        CHAMFER_TYPE =       0;
        CHAMFER_X    =    0.00;
        CHAMFER_Y    =    0.00;
    }
    POINT_NUMBER = 92;
    {
        POINT_X      =   67.71;
        POINT_Y      = -177.89;
        CHAMFER_TYPE =       0;
        CHAMFER_X    =    0.00;
        CHAMFER_Y    =    0.00;
    }
    POINT_NUMBER = 93;
    {
        POINT_X      =   82.63;
        POINT_Y      = -163.30;
        CHAMFER_TYPE =       0;
        CHAMFER_X    =    0.00;
        CHAMFER_Y    =    0.00;
    }
    POINT_NUMBER = 94;
    {
        POINT_X      =   94.46;
        POINT_Y      = -146.10;
        CHAMFER_TYPE =       0;
        CHAMFER_X    =    0.00;
        CHAMFER_Y    =    0.00;
    }
    POINT_NUMBER = 95;
    {
        POINT_X      =  102.77;
        POINT_Y      = -126.95;
        CHAMFER_TYPE =       0;
        CHAMFER_X    =    0.00;
        CHAMFER_Y    =    0.00;
    }
};

PROPERTY_NAME = "RU_CTL_COS";
{
    PROFILE_TYPE  = -1;
    SYMBOL        = "RU_CTL_COS";
    LABEL_STRING  = "Ńňîčěîńňü";
    QUANTITY_TYPE = -1;
    ORDER_NUMBER  = 0;
};

PROPERTY_NAME = "RU_CTL_FUL_NAM";
{
    PROFILE_TYPE  = -1;
    SYMBOL        = "RU_CTL_FUL_NAM";
    LABEL_STRING  = "Íŕçâŕíčĺ ďđîôčë˙";
    QUANTITY_TYPE = -1;
    ORDER_NUMBER  = 0;
};

PROPERTY_NAME = "RU_CTL_FUL_NAM_ENG";
{
    PROFILE_TYPE  = -1;
    SYMBOL        = "RU_CTL_FUL_NAM_ENG";
    LABEL_STRING  = "Íŕçâŕíčĺ ďđîôčë˙ íŕ ŕíăë";
    QUANTITY_TYPE = -1;
    ORDER_NUMBER  = 0;
};

PROPERTY_NAME = "RU_CTL_GST_NAM";
{
    PROFILE_TYPE  = -1;
    SYMBOL        = "RU_CTL_GST_NAM";
    LABEL_STRING  = "Íŕčěĺíîâŕíčĺ ĂÎŃŇŕ";
    QUANTITY_TYPE = -1;
    ORDER_NUMBER  = 0;
};

PROPERTY_NAME = "RU_CTL_GST_NAM_ENG";
{
    PROFILE_TYPE  = -1;
    SYMBOL        = "RU_CTL_GST_NAM_ENG";
    LABEL_STRING  = "Íŕčěĺíîâŕíčĺ ĂÎŃŇŕ íŕ ŕíăë";
    QUANTITY_TYPE = -1;
    ORDER_NUMBER  = 0;
};

PROPERTY_NAME = "RU_CTL_GST_NMB";
{
    PROFILE_TYPE  = -1;
    SYMBOL        = "RU_CTL_GST_NMB";
    LABEL_STRING  = "ĂÎŃŇ";
    QUANTITY_TYPE = -1;
    ORDER_NUMBER  = 0;
};

PROPERTY_NAME = "RU_CTL_GST_NMB_ENG";
{
    PROFILE_TYPE  = -1;
    SYMBOL        = "RU_CTL_GST_NMB_ENG";
    LABEL_STRING  = "ĂÎŃŇ íŕ ŕíăë";
    QUANTITY_TYPE = -1;
    ORDER_NUMBER  = 0;
};

PROPERTY_NAME = "RU_CTL_GST_WGH";
{
    PROFILE_TYPE  = -1;
    SYMBOL        = "RU_CTL_GST_WGH";
    LABEL_STRING  = "Ěŕńńŕ (1ě čëč 1000řň.)";
    QUANTITY_TYPE = 102;
    ORDER_NUMBER  = 0;
};

PROPERTY_NAME = "RU_CTL_MKR_NAM";
{
    PROFILE_TYPE  = -1;
    SYMBOL        = "RU_CTL_MKR_NAM";
    LABEL_STRING  = "Ďđîčçâîäčňĺëü ďđîôčë˙";
    QUANTITY_TYPE = -1;
    ORDER_NUMBER  = 0;
};

PROPERTY_NAME = "RU_CTL_SMB_NAM";
{
    PROFILE_TYPE  = -1;
    SYMBOL        = "RU_CTL_SMB_NAM";
    LABEL_STRING  = "Ńčěâîë č đŕçěĺđ ďđîôčë˙";
    QUANTITY_TYPE = -1;
    ORDER_NUMBER  = 0;
};

PROPERTY_NAME = "RU_CTL_SMB_NAM_ENG";
{
    PROFILE_TYPE  = -1;
    SYMBOL        = "RU_CTL_SMB_NAM_ENG";
    LABEL_STRING  = "Ńčěâîë č đŕçěĺđ ďđîôčë˙ íŕ ŕíăë";
    QUANTITY_TYPE = -1;
    ORDER_NUMBER  = 0;
};

PROPERTY_NAME = "RU_CTL_TPL_NAM";
{
    PROFILE_TYPE  = -1;
    SYMBOL        = "RU_CTL_TPL_NAM";
    LABEL_STRING  = "Íŕçâŕíčĺ ďđîôčë˙ â ňŕáëčöŕő";
    QUANTITY_TYPE = -1;
    ORDER_NUMBER  = 0;
};

PROPERTY_NAME = "RU_CTL_TPL_NAM_ENG";
{
    PROFILE_TYPE  = -1;
    SYMBOL        = "RU_CTL_TPL_NAM_ENG";
    LABEL_STRING  = "Íŕçâŕíčĺ ďđîôčë˙ â ňŕáë. íŕ ŕíă";
    QUANTITY_TYPE = -1;
    ORDER_NUMBER  = 0;
};

PROPERTY_NAME = "RU_CTL_TPL_NAM_FUL";
{
    PROFILE_TYPE  = -1;
    SYMBOL        = "RU_CTL_TPL_NAM_FUL";
    LABEL_STRING  = "Ďîëíîĺ íŕçâŕíčĺ ďđîôčë˙ â ňŕáë.";
    QUANTITY_TYPE = -1;
    ORDER_NUMBER  = 0;
};

PROPERTY_NAME = "RU_CTL_TPL_NAM_FUL_ENG";
{
    PROFILE_TYPE  = -1;
    SYMBOL        = "RU_CTL_TPL_NAM_FUL_ENG";
    LABEL_STRING  = "Ďîë íŕç ďđîôčë˙ â ňŕáë. íŕ ŕíăë";
    QUANTITY_TYPE = -1;
    ORDER_NUMBER  = 0;
};

PROPERTY_NAME = "RU_CTL_TPL_SRG";
{
    PROFILE_TYPE  = -1;
    SYMBOL        = "RU_CTL_TPL_SRG";
    LABEL_STRING  = "Ńîđňŕěĺíň";
    QUANTITY_TYPE = -1;
    ORDER_NUMBER  = 0;
};

PROPERTY_NAME = "RU_CTL_TYP_MAT";
{
    PROFILE_TYPE  = -1;
    SYMBOL        = "RU_CTL_TYP_MAT";
    LABEL_STRING  = "Ěŕňĺđčŕë";
    QUANTITY_TYPE = -1;
    ORDER_NUMBER  = 0;
};

