PROFILE DATABASE EXPORT VERSION = 3

TREE_RULES
{
    RULE_ITEM
    {
        PROFILE_TYPE  = "-1";
        NAME_FILTER  = "*GKS*";
        LABEL_STRING = "GKS";
        MATERIAL_TYPES = "1";
        USER_ATTRIBUTE_NAME  = "";
        USER_ATTRIBUTE_VALUE  = "";
        USER_ATTRIBUTE_TYPE = "0";
        USER_ATTRIBUTE_CONDITION = "0";

        RULE_ITEM
        {
            PROFILE_TYPE  = "-1";
            NAME_FILTER  = "*GKS_VO*";
            LABEL_STRING = "¬Œ";
            MATERIAL_TYPES = "1";
            USER_ATTRIBUTE_NAME  = "";
            USER_ATTRIBUTE_VALUE  = "";
            USER_ATTRIBUTE_TYPE = "0";
            USER_ATTRIBUTE_CONDITION = "0";
        };
    };
}

